#
# There is insufficient memory for the Java Runtime Environment to continue.
# Native memory allocation (malloc) failed to allocate 1048576 bytes for AllocateHeap
# Possible reasons:
#   The system is out of physical RAM or swap space
#   The process is running with CompressedOops enabled, and the Java Heap may be blocking the growth of the native heap
# Possible solutions:
#   Reduce memory load on the system
#   Increase physical memory or swap space
#   Check if swap backing store is full
#   Decrease Java heap size (-Xmx/-Xms)
#   Decrease number of Java threads
#   Decrease Java thread stack sizes (-Xss)
#   Set larger code cache with -XX:ReservedCodeCacheSize=
#   JVM is running with Unscaled Compressed Oops mode in which the Java heap is
#     placed in the first 4GB address space. The Java Heap base address is the
#     maximum limit for the native heap growth. Please use -XX:HeapBaseMinAddress
#     to set the Java Heap base and to place the Java Heap above 4GB virtual address.
# This output file may be truncated or incomplete.
#
#  Out of Memory Error (memory/allocation.inline.hpp:61), pid=916, tid=0x00000000000032cc
#
# JRE version:  (8.0_242-b01) (build )
# Java VM: OpenJDK 64-Bit Server VM (25.242-b01 mixed mode windows-amd64 compressed oops)
# Failed to write core dump. Minidumps are not enabled by default on client versions of Windows
#

---------------  T H R E A D  ---------------

Current thread (0x0000000000d0e000):  JavaThread "Unknown thread" [_thread_in_vm, id=13004, stack(0x00000000025c0000,0x00000000026c0000)]

Stack: [0x00000000025c0000,0x00000000026c0000]
[error occurred during error reporting (printing stack bounds), id 0xc0000005]

Native frames: (J=compiled Java code, j=interpreted, Vv=VM code, C=native code)


---------------  P R O C E S S  ---------------

Java Threads: ( => current thread )

Other Threads:

=>0x0000000000d0e000 (exited) JavaThread "Unknown thread" [_thread_in_vm, id=13004, stack(0x00000000025c0000,0x00000000026c0000)]

VM state:not at safepoint (normal execution)

VM Mutex/Monitor currently owned by a thread: None

heap address: 0x0000000081c00000, size: 2020 MB, Compressed Oops mode: 32-bit
Narrow klass base: 0x0000000000000000, Narrow klass shift: 3
Compressed class space size: 1073741824 Address: 0x0000000100000000

Heap:
 PSYoungGen      total 38400K, used 665K [0x00000000d5f00000, 0x00000000d8980000, 0x0000000100000000)
  eden space 33280K, 2% used [0x00000000d5f00000,0x00000000d5fa6670,0x00000000d7f80000)
  from space 5120K, 0% used [0x00000000d8480000,0x00000000d8480000,0x00000000d8980000)
  to   space 5120K, 0% used [0x00000000d7f80000,0x00000000d7f80000,0x00000000d8480000)
 ParOldGen       total 87552K, used 0K [0x0000000081c00000, 0x0000000087180000, 0x00000000d5f00000)
  object space 87552K, 0% used [0x0000000081c00000,0x0000000081c00000,0x0000000087180000)
 Metaspace       used 779K, capacity 4480K, committed 4480K, reserved 1056768K
  class space    used 74K, capacity 384K, committed 384K, reserved 1048576K

Card table byte_map: [0x0000000011c20000,0x0000000012020000] byte_map_base: 0x0000000011812000

Marking Bits: (ParMarkBitMap*) 0x00000000616ef030
 Begin Bits: [0x0000000012ad0000, 0x0000000014a60000)
 End Bits:   [0x0000000014a60000, 0x00000000169f0000)

Polling page: 0x0000000000db0000

CodeCache: size=245760Kb used=328Kb max_used=328Kb free=245431Kb
 bounds [0x0000000002860000, 0x0000000002ad0000, 0x0000000011860000]
 total_blobs=57 nmethods=0 adapters=38
 compilation: enabled

Compilation events (0 events):
No events

GC Heap History (0 events):
No events

Deoptimization events (0 events):
No events

Classes redefined (0 events):
No events

Internal exceptions (0 events):
No events

Events (10 events):
Event: 0.042 loading class java/lang/Short
Event: 0.042 loading class java/lang/Short done
Event: 0.042 loading class java/lang/Integer
Event: 0.042 loading class java/lang/Integer done
Event: 0.042 loading class java/lang/Long
Event: 0.042 loading class java/lang/Long done
Event: 0.043 loading class java/lang/NullPointerException
Event: 0.043 loading class java/lang/NullPointerException done
Event: 0.043 loading class java/lang/ArithmeticException
Event: 0.043 loading class java/lang/ArithmeticException done


Dynamic libraries:
0x00007ff7916d0000 - 0x00007ff791701000 	C:\Program Files\Android\Android Studio\jre\bin\java.EXE
0x00007ffa20390000 - 0x00007ffa20586000 	C:\WINDOWS\SYSTEM32\ntdll.dll
0x00007ffa1fd10000 - 0x00007ffa1fdcd000 	C:\WINDOWS\System32\KERNEL32.DLL
0x00007ffa1dd40000 - 0x00007ffa1e009000 	C:\WINDOWS\System32\KERNELBASE.dll
0x00007ffa1e730000 - 0x00007ffa1e7dc000 	C:\WINDOWS\System32\ADVAPI32.dll
0x00007ffa1f380000 - 0x00007ffa1f41e000 	C:\WINDOWS\System32\msvcrt.dll
0x00007ffa1ff50000 - 0x00007ffa1ffec000 	C:\WINDOWS\System32\sechost.dll
0x00007ffa1f250000 - 0x00007ffa1f37b000 	C:\WINDOWS\System32\RPCRT4.dll
0x00007ffa1f420000 - 0x00007ffa1f5c0000 	C:\WINDOWS\System32\USER32.dll
0x00007ffa1e0c0000 - 0x00007ffa1e0e2000 	C:\WINDOWS\System32\win32u.dll
0x00007ffa1f220000 - 0x00007ffa1f24a000 	C:\WINDOWS\System32\GDI32.dll
0x00007ffa1db20000 - 0x00007ffa1dc29000 	C:\WINDOWS\System32\gdi32full.dll
0x00007ffa1e350000 - 0x00007ffa1e3ed000 	C:\WINDOWS\System32\msvcp_win.dll
0x00007ffa1e250000 - 0x00007ffa1e350000 	C:\WINDOWS\System32\ucrtbase.dll
0x00007ffa1ce90000 - 0x00007ffa1d12b000 	C:\WINDOWS\WinSxS\amd64_microsoft.windows.common-controls_6595b64144ccf1df_6.0.19041.488_none_ca04af081b815d21\COMCTL32.dll
0x00007ffa1fdf0000 - 0x00007ffa1fe20000 	C:\WINDOWS\System32\IMM32.DLL
0x0000000060e40000 - 0x0000000060f12000 	C:\Program Files\Android\Android Studio\jre\jre\bin\msvcr100.dll
0x0000000060f20000 - 0x000000006176b000 	C:\Program Files\Android\Android Studio\jre\jre\bin\server\jvm.dll
0x00007ffa1e3f0000 - 0x00007ffa1e3f8000 	C:\WINDOWS\System32\PSAPI.DLL
0x00007ffa065c0000 - 0x00007ffa065c9000 	C:\WINDOWS\SYSTEM32\WSOCK32.dll
0x00007ffa06590000 - 0x00007ffa065b7000 	C:\WINDOWS\SYSTEM32\WINMM.dll
0x00007ffa16370000 - 0x00007ffa1637a000 	C:\WINDOWS\SYSTEM32\VERSION.dll
0x00007ffa1ed40000 - 0x00007ffa1edab000 	C:\WINDOWS\System32\WS2_32.dll
0x00007ffa05920000 - 0x00007ffa0592f000 	C:\Program Files\Android\Android Studio\jre\jre\bin\verify.dll
0x00007ff9ef130000 - 0x00007ff9ef159000 	C:\Program Files\Android\Android Studio\jre\jre\bin\java.dll
0x00007ffa050c0000 - 0x00007ffa050d6000 	C:\Program Files\Android\Android Studio\jre\jre\bin\zip.dll

VM Arguments:
java_command: <unknown>
java_class_path (initial): .
Launcher Type: SUN_STANDARD

Environment Variables:
PATH=C:\flutter\flutter\bin;C:\Program Files\Git\cmd;C:\Program Files\Git\bin;C:\Windows\System32;C:\Program Files\Git\bin\git.exe;C:\Program Files\Git\cmd;C:\src\flutter;C:\Windows\System32\WindowsPowerShell\v1.0\;C:\Windows\System32\WindowsPowerShell\v1.0\powershell.exe;C:\Windows;C:\Windows\system32;C:\Windows\System32\Wbem;C:\Users\Basil Jacob\AppData\Local\Microsoft\WindowsApps;C:\Users\Basil Jacob\AppData\Local\Programs\Microsoft VS Code\bin;C:\Users\Basil Jacob\AppData\Local\atom\bin;C:\Users\Basil Jacob\AppData\Local\Microsoft\WindowsApps;C:\Users\Basil Jacob\AppData\Roaming\npm;C:\Program Files\JetBrains\PyCharm Community Edition 2020.2.1\bin;;C:\flutter\flutter\bin;C:\Program Files\Android\Android Studio\bin;C:\Program Files\Git\bin;C:\src\flutter;C:\Windows\System32\WindowsPowerShell\v1.0\;C:\Windows\System32\WindowsPowerShell\v1.0\powershell.exe;C:\Windows\System32\Wbem;C:\Windows\system32;C:\Windows;;C:\flutter\flutter\bin\mingit\cmd
USERNAME=Basil Jacob
OS=Windows_NT
PROCESSOR_IDENTIFIER=Intel64 Family 6 Model 142 Stepping 11, GenuineIntel



---------------  S Y S T E M  ---------------

OS: Windows 10.0 , 64 bit Build 19041 (10.0.19041.662)

CPU:total 8 (initial active 8) (4 cores per cpu, 2 threads per core) family 6 model 142 stepping 11, cmov, cx8, fxsr, mmx, sse, sse2, sse3, ssse3, sse4.1, sse4.2, popcnt, avx, avx2, aes, clmul, erms, 3dnowpref, lzcnt, ht, tsc, tscinvbit, bmi1, bmi2, adx

Memory: 4k page, physical 8272180k(701752k free), swap 33438004k(6104k free)

vm_info: OpenJDK 64-Bit Server VM (25.242-b01) for windows-amd64 JRE (1.8.0_242-release-1644-b01), built by "builder" with MS VC++ 10.0 (VS2010)

time: Tue Dec 29 20:51:48 2020
timezone: India Standard Time
elapsed time: 0 seconds (0d 0h 0m 0s)

