#
# There is insufficient memory for the Java Runtime Environment to continue.
# Native memory allocation (malloc) failed to allocate 32744 bytes for ChunkPool::allocate
# Possible reasons:
#   The system is out of physical RAM or swap space
#   The process is running with CompressedOops enabled, and the Java Heap may be blocking the growth of the native heap
# Possible solutions:
#   Reduce memory load on the system
#   Increase physical memory or swap space
#   Check if swap backing store is full
#   Decrease Java heap size (-Xmx/-Xms)
#   Decrease number of Java threads
#   Decrease Java thread stack sizes (-Xss)
#   Set larger code cache with -XX:ReservedCodeCacheSize=
#   JVM is running with Unscaled Compressed Oops mode in which the Java heap is
#     placed in the first 4GB address space. The Java Heap base address is the
#     maximum limit for the native heap growth. Please use -XX:HeapBaseMinAddress
#     to set the Java Heap base and to place the Java Heap above 4GB virtual address.
# This output file may be truncated or incomplete.
#
#  Out of Memory Error (./src/hotspot/share/memory/arena.cpp:81), pid=4860, tid=3492
#
# JRE version: OpenJDK Runtime Environment (11.0.8+10) (build 11.0.8+10-b944.6842174)
# Java VM: OpenJDK 64-Bit Server VM (11.0.8+10-b944.6842174, mixed mode, tiered, compressed oops, g1 gc, windows-amd64)
# No core dump will be written. Minidumps are not enabled by default on client versions of Windows
#

---------------  S U M M A R Y ------------

Command Line: -Dorg.gradle.appname=gradlew org.gradle.wrapper.GradleWrapperMain -q -Ptarget-platform=android-arm -Ptarget=C:\Users\Basil Jacob\AndroidStudioProjects\tab app\tab app -  socket full alive\lib\main.dart -Pdart-defines=Zmx1dHRlci5pbnNwZWN0b3Iuc3RydWN0dXJlZEVycm9ycz10cnVl,RkxVVFRFUl9XRUJfQVVUT19ERVRFQ1Q9dHJ1ZQ== -Pdart-obfuscation=false -Ptrack-widget-creation=true -Ptree-shake-icons=false -Pfilesystem-scheme=org-dartlang-root assembleProfile

Host: Intel(R) Core(TM) i5-8265U CPU @ 1.60GHz, 8 cores, 7G,  Windows 10 , 64 bit Build 19041 (10.0.19041.1151)
Time: Fri Oct  8 10:40:52 2021 India Standard Time elapsed time: 9 seconds (0d 0h 0m 9s)

---------------  T H R E A D  ---------------

Current thread (0x0000023384798800):  JavaThread "C1 CompilerThread0" daemon [_thread_in_native, id=3492, stack(0x0000006d97200000,0x0000006d97300000)]


Current CompileTask:
C1:   9372 1134       3       org.gradle.internal.logging.text.AbstractLineChoppingStyledTextOutput$StateContext::isCurrentCharEquals (61 bytes)

Stack: [0x0000006d97200000,0x0000006d97300000]
Native frames: (J=compiled Java code, j=interpreted, Vv=VM code, C=native code)
V  [jvm.dll+0x5de50a]
V  [jvm.dll+0x7122f5]
V  [jvm.dll+0x71384d]
V  [jvm.dll+0x713f03]
V  [jvm.dll+0x23e728]
V  [jvm.dll+0xb8beb]
V  [jvm.dll+0xb8e9c]
V  [jvm.dll+0x1a6f7a]
V  [jvm.dll+0x1a6a09]
V  [jvm.dll+0x14333c]
V  [jvm.dll+0x13b733]
V  [jvm.dll+0x13b57b]
V  [jvm.dll+0x11f124]
V  [jvm.dll+0x11ee45]
V  [jvm.dll+0x11ef63]
V  [jvm.dll+0x11e277]
V  [jvm.dll+0x11fe47]
V  [jvm.dll+0x205047]
V  [jvm.dll+0x203891]
V  [jvm.dll+0x6dad3f]
V  [jvm.dll+0x6d3895]
V  [jvm.dll+0x5dd4a6]
C  [ucrtbase.dll+0x21bb2]
C  [KERNEL32.DLL+0x17034]
C  [ntdll.dll+0x52651]


---------------  P R O C E S S  ---------------

Threads class SMR info:
_java_thread_list=0x0000023384911d60, length=13, elements={
0x00000233e9bf1000, 0x00000233ffe7d000, 0x00000233ffe81000, 0x00000233ffea0800,
0x00000233ffea4000, 0x0000023384791000, 0x0000023384798800, 0x000002338479a800,
0x0000023384935000, 0x000002338493c000, 0x0000023384f8b000, 0x0000023385679000,
0x0000023385660000
}

Java Threads: ( => current thread )
  0x00000233e9bf1000 JavaThread "main" [_thread_in_native, id=732, stack(0x0000006d96600000,0x0000006d96700000)]
  0x00000233ffe7d000 JavaThread "Reference Handler" daemon [_thread_blocked, id=4704, stack(0x0000006d96d00000,0x0000006d96e00000)]
  0x00000233ffe81000 JavaThread "Finalizer" daemon [_thread_blocked, id=7900, stack(0x0000006d96e00000,0x0000006d96f00000)]
  0x00000233ffea0800 JavaThread "Signal Dispatcher" daemon [_thread_blocked, id=3036, stack(0x0000006d96f00000,0x0000006d97000000)]
  0x00000233ffea4000 JavaThread "Attach Listener" daemon [_thread_blocked, id=1772, stack(0x0000006d97000000,0x0000006d97100000)]
  0x0000023384791000 JavaThread "C2 CompilerThread0" daemon [_thread_blocked, id=9008, stack(0x0000006d97100000,0x0000006d97200000)]
=>0x0000023384798800 JavaThread "C1 CompilerThread0" daemon [_thread_in_native, id=3492, stack(0x0000006d97200000,0x0000006d97300000)]
  0x000002338479a800 JavaThread "Sweeper thread" daemon [_thread_blocked, id=2072, stack(0x0000006d97300000,0x0000006d97400000)]
  0x0000023384935000 JavaThread "Service Thread" daemon [_thread_blocked, id=2256, stack(0x0000006d97400000,0x0000006d97500000)]
  0x000002338493c000 JavaThread "Common-Cleaner" daemon [_thread_blocked, id=1468, stack(0x0000006d97600000,0x0000006d97700000)]
  0x0000023384f8b000 JavaThread "pool-1-thread-1" [_thread_blocked, id=10844, stack(0x0000006d97800000,0x0000006d97900000)]
  0x0000023385679000 JavaThread "DisconnectableInputStream source reader" daemon [_thread_in_native, id=9044, stack(0x0000006d97c00000,0x0000006d97d00000)]
  0x0000023385660000 JavaThread "Forward input" [_thread_blocked, id=13472, stack(0x0000006d97d00000,0x0000006d97e00000)]

Other Threads:
  0x00000233ffe7b000 VMThread "VM Thread" [stack: 0x0000006d96c00000,0x0000006d96d00000] [id=11056]
  0x0000023384936000 WatcherThread [stack: 0x0000006d97500000,0x0000006d97600000] [id=9132]
  0x00000233e9c07800 GCTaskThread "GC Thread#0" [stack: 0x0000006d96700000,0x0000006d96800000] [id=3172]
  0x000002338528b000 GCTaskThread "GC Thread#1" [stack: 0x0000006d97900000,0x0000006d97a00000] [id=8912]
  0x0000023385125800 GCTaskThread "GC Thread#2" [stack: 0x0000006d97a00000,0x0000006d97b00000] [id=7112]
  0x0000023385235800 GCTaskThread "GC Thread#3" [stack: 0x0000006d97b00000,0x0000006d97c00000] [id=292]
  0x00000233e9c39800 ConcurrentGCThread "G1 Main Marker" [stack: 0x0000006d96800000,0x0000006d96900000] [id=13620]
  0x00000233e9c3c000 ConcurrentGCThread "G1 Conc#0" [stack: 0x0000006d96900000,0x0000006d96a00000] [id=11964]
  0x00000233ffcc0800 ConcurrentGCThread "G1 Refine#0" [stack: 0x0000006d96a00000,0x0000006d96b00000] [id=10540]
  0x00000233ffcc1800 ConcurrentGCThread "G1 Young RemSet Sampling" [stack: 0x0000006d96b00000,0x0000006d96c00000] [id=13792]

Threads with active compile tasks:
C1 CompilerThread0   9415 1134       3       org.gradle.internal.logging.text.AbstractLineChoppingStyledTextOutput$StateContext::isCurrentCharEquals (61 bytes)

VM state:not at safepoint (normal execution)

VM Mutex/Monitor currently owned by a thread: None

Heap address: 0x0000000081c00000, size: 2020 MB, Compressed Oops mode: 32-bit
Narrow klass base: 0x0000000000000000, Narrow klass shift: 3
Compressed class space size: 1073741824 Address: 0x0000000100000000

Heap:
 garbage-first heap   total 131072K, used 16348K [0x0000000081c00000, 0x0000000100000000)
  region size 1024K, 12 young (12288K), 3 survivors (3072K)
 Metaspace       used 14332K, capacity 14535K, committed 14848K, reserved 1062912K
  class space    used 1626K, capacity 1718K, committed 1792K, reserved 1048576K
Heap Regions: E=young(eden), S=young(survivor), O=old, HS=humongous(starts), HC=humongous(continues), CS=collection set, F=free, A=archive, TAMS=top-at-mark-start (previous, next)
|   0|0x0000000081c00000, 0x0000000081c00000, 0x0000000081d00000|  0%| F|  |TAMS 0x0000000081c00000, 0x0000000081c00000| Untracked 
|   1|0x0000000081d00000, 0x0000000081d00000, 0x0000000081e00000|  0%| F|  |TAMS 0x0000000081d00000, 0x0000000081d00000| Untracked 
|   2|0x0000000081e00000, 0x0000000081e00000, 0x0000000081f00000|  0%| F|  |TAMS 0x0000000081e00000, 0x0000000081e00000| Untracked 
|   3|0x0000000081f00000, 0x0000000082000000, 0x0000000082000000|100%|HS|  |TAMS 0x0000000081f00000, 0x0000000081f00000| Complete 
|   4|0x0000000082000000, 0x0000000082100000, 0x0000000082100000|100%|HC|  |TAMS 0x0000000082000000, 0x0000000082000000| Complete 
|   5|0x0000000082100000, 0x0000000082200000, 0x0000000082200000|100%|HC|  |TAMS 0x0000000082100000, 0x0000000082100000| Complete 
|   6|0x0000000082200000, 0x0000000082300000, 0x0000000082300000|100%| O|  |TAMS 0x0000000082200000, 0x0000000082200000| Untracked 
|   7|0x0000000082300000, 0x00000000823f7000, 0x0000000082400000| 96%| O|  |TAMS 0x0000000082300000, 0x0000000082300000| Untracked 
|   8|0x0000000082400000, 0x0000000082400000, 0x0000000082500000|  0%| F|  |TAMS 0x0000000082400000, 0x0000000082400000| Untracked 
|   9|0x0000000082500000, 0x0000000082500000, 0x0000000082600000|  0%| F|  |TAMS 0x0000000082500000, 0x0000000082500000| Untracked 
|  10|0x0000000082600000, 0x0000000082600000, 0x0000000082700000|  0%| F|  |TAMS 0x0000000082600000, 0x0000000082600000| Untracked 
|  11|0x0000000082700000, 0x0000000082700000, 0x0000000082800000|  0%| F|  |TAMS 0x0000000082700000, 0x0000000082700000| Untracked 
|  12|0x0000000082800000, 0x0000000082800000, 0x0000000082900000|  0%| F|  |TAMS 0x0000000082800000, 0x0000000082800000| Untracked 
|  13|0x0000000082900000, 0x0000000082900000, 0x0000000082a00000|  0%| F|  |TAMS 0x0000000082900000, 0x0000000082900000| Untracked 
|  14|0x0000000082a00000, 0x0000000082a00000, 0x0000000082b00000|  0%| F|  |TAMS 0x0000000082a00000, 0x0000000082a00000| Untracked 
|  15|0x0000000082b00000, 0x0000000082b00000, 0x0000000082c00000|  0%| F|  |TAMS 0x0000000082b00000, 0x0000000082b00000| Untracked 
|  16|0x0000000082c00000, 0x0000000082c00000, 0x0000000082d00000|  0%| F|  |TAMS 0x0000000082c00000, 0x0000000082c00000| Untracked 
|  17|0x0000000082d00000, 0x0000000082d00000, 0x0000000082e00000|  0%| F|  |TAMS 0x0000000082d00000, 0x0000000082d00000| Untracked 
|  18|0x0000000082e00000, 0x0000000082e00000, 0x0000000082f00000|  0%| F|  |TAMS 0x0000000082e00000, 0x0000000082e00000| Untracked 
|  19|0x0000000082f00000, 0x0000000082f00000, 0x0000000083000000|  0%| F|  |TAMS 0x0000000082f00000, 0x0000000082f00000| Untracked 
|  20|0x0000000083000000, 0x0000000083000000, 0x0000000083100000|  0%| F|  |TAMS 0x0000000083000000, 0x0000000083000000| Untracked 
|  21|0x0000000083100000, 0x0000000083100000, 0x0000000083200000|  0%| F|  |TAMS 0x0000000083100000, 0x0000000083100000| Untracked 
|  22|0x0000000083200000, 0x0000000083200000, 0x0000000083300000|  0%| F|  |TAMS 0x0000000083200000, 0x0000000083200000| Untracked 
|  23|0x0000000083300000, 0x0000000083300000, 0x0000000083400000|  0%| F|  |TAMS 0x0000000083300000, 0x0000000083300000| Untracked 
|  24|0x0000000083400000, 0x0000000083400000, 0x0000000083500000|  0%| F|  |TAMS 0x0000000083400000, 0x0000000083400000| Untracked 
|  25|0x0000000083500000, 0x0000000083500000, 0x0000000083600000|  0%| F|  |TAMS 0x0000000083500000, 0x0000000083500000| Untracked 
|  26|0x0000000083600000, 0x0000000083600000, 0x0000000083700000|  0%| F|  |TAMS 0x0000000083600000, 0x0000000083600000| Untracked 
|  27|0x0000000083700000, 0x0000000083700000, 0x0000000083800000|  0%| F|  |TAMS 0x0000000083700000, 0x0000000083700000| Untracked 
|  28|0x0000000083800000, 0x0000000083800000, 0x0000000083900000|  0%| F|  |TAMS 0x0000000083800000, 0x0000000083800000| Untracked 
|  29|0x0000000083900000, 0x0000000083900000, 0x0000000083a00000|  0%| F|  |TAMS 0x0000000083900000, 0x0000000083900000| Untracked 
|  30|0x0000000083a00000, 0x0000000083a00000, 0x0000000083b00000|  0%| F|  |TAMS 0x0000000083a00000, 0x0000000083a00000| Untracked 
|  31|0x0000000083b00000, 0x0000000083b00000, 0x0000000083c00000|  0%| F|  |TAMS 0x0000000083b00000, 0x0000000083b00000| Untracked 
|  32|0x0000000083c00000, 0x0000000083c00000, 0x0000000083d00000|  0%| F|  |TAMS 0x0000000083c00000, 0x0000000083c00000| Untracked 
|  33|0x0000000083d00000, 0x0000000083d00000, 0x0000000083e00000|  0%| F|  |TAMS 0x0000000083d00000, 0x0000000083d00000| Untracked 
|  34|0x0000000083e00000, 0x0000000083e00000, 0x0000000083f00000|  0%| F|  |TAMS 0x0000000083e00000, 0x0000000083e00000| Untracked 
|  35|0x0000000083f00000, 0x0000000083f00000, 0x0000000084000000|  0%| F|  |TAMS 0x0000000083f00000, 0x0000000083f00000| Untracked 
|  36|0x0000000084000000, 0x0000000084000000, 0x0000000084100000|  0%| F|  |TAMS 0x0000000084000000, 0x0000000084000000| Untracked 
|  37|0x0000000084100000, 0x0000000084100000, 0x0000000084200000|  0%| F|  |TAMS 0x0000000084100000, 0x0000000084100000| Untracked 
|  38|0x0000000084200000, 0x0000000084200000, 0x0000000084300000|  0%| F|  |TAMS 0x0000000084200000, 0x0000000084200000| Untracked 
|  39|0x0000000084300000, 0x0000000084300000, 0x0000000084400000|  0%| F|  |TAMS 0x0000000084300000, 0x0000000084300000| Untracked 
|  40|0x0000000084400000, 0x0000000084400000, 0x0000000084500000|  0%| F|  |TAMS 0x0000000084400000, 0x0000000084400000| Untracked 
|  41|0x0000000084500000, 0x0000000084500000, 0x0000000084600000|  0%| F|  |TAMS 0x0000000084500000, 0x0000000084500000| Untracked 
|  42|0x0000000084600000, 0x0000000084600000, 0x0000000084700000|  0%| F|  |TAMS 0x0000000084600000, 0x0000000084600000| Untracked 
|  43|0x0000000084700000, 0x0000000084700000, 0x0000000084800000|  0%| F|  |TAMS 0x0000000084700000, 0x0000000084700000| Untracked 
|  44|0x0000000084800000, 0x0000000084800000, 0x0000000084900000|  0%| F|  |TAMS 0x0000000084800000, 0x0000000084800000| Untracked 
|  45|0x0000000084900000, 0x0000000084900000, 0x0000000084a00000|  0%| F|  |TAMS 0x0000000084900000, 0x0000000084900000| Untracked 
|  46|0x0000000084a00000, 0x0000000084a00000, 0x0000000084b00000|  0%| F|  |TAMS 0x0000000084a00000, 0x0000000084a00000| Untracked 
|  47|0x0000000084b00000, 0x0000000084b00000, 0x0000000084c00000|  0%| F|  |TAMS 0x0000000084b00000, 0x0000000084b00000| Untracked 
|  48|0x0000000084c00000, 0x0000000084c00000, 0x0000000084d00000|  0%| F|  |TAMS 0x0000000084c00000, 0x0000000084c00000| Untracked 
|  49|0x0000000084d00000, 0x0000000084d00000, 0x0000000084e00000|  0%| F|  |TAMS 0x0000000084d00000, 0x0000000084d00000| Untracked 
|  50|0x0000000084e00000, 0x0000000084e00000, 0x0000000084f00000|  0%| F|  |TAMS 0x0000000084e00000, 0x0000000084e00000| Untracked 
|  51|0x0000000084f00000, 0x0000000084f00000, 0x0000000085000000|  0%| F|  |TAMS 0x0000000084f00000, 0x0000000084f00000| Untracked 
|  52|0x0000000085000000, 0x0000000085000000, 0x0000000085100000|  0%| F|  |TAMS 0x0000000085000000, 0x0000000085000000| Untracked 
|  53|0x0000000085100000, 0x0000000085100000, 0x0000000085200000|  0%| F|  |TAMS 0x0000000085100000, 0x0000000085100000| Untracked 
|  54|0x0000000085200000, 0x0000000085200000, 0x0000000085300000|  0%| F|  |TAMS 0x0000000085200000, 0x0000000085200000| Untracked 
|  55|0x0000000085300000, 0x0000000085300000, 0x0000000085400000|  0%| F|  |TAMS 0x0000000085300000, 0x0000000085300000| Untracked 
|  56|0x0000000085400000, 0x0000000085400000, 0x0000000085500000|  0%| F|  |TAMS 0x0000000085400000, 0x0000000085400000| Untracked 
|  57|0x0000000085500000, 0x0000000085500000, 0x0000000085600000|  0%| F|  |TAMS 0x0000000085500000, 0x0000000085500000| Untracked 
|  58|0x0000000085600000, 0x0000000085600000, 0x0000000085700000|  0%| F|  |TAMS 0x0000000085600000, 0x0000000085600000| Untracked 
|  59|0x0000000085700000, 0x0000000085700000, 0x0000000085800000|  0%| F|  |TAMS 0x0000000085700000, 0x0000000085700000| Untracked 
|  60|0x0000000085800000, 0x0000000085800000, 0x0000000085900000|  0%| F|  |TAMS 0x0000000085800000, 0x0000000085800000| Untracked 
|  61|0x0000000085900000, 0x0000000085900000, 0x0000000085a00000|  0%| F|  |TAMS 0x0000000085900000, 0x0000000085900000| Untracked 
|  62|0x0000000085a00000, 0x0000000085a00000, 0x0000000085b00000|  0%| F|  |TAMS 0x0000000085a00000, 0x0000000085a00000| Untracked 
|  63|0x0000000085b00000, 0x0000000085b00000, 0x0000000085c00000|  0%| F|  |TAMS 0x0000000085b00000, 0x0000000085b00000| Untracked 
|  64|0x0000000085c00000, 0x0000000085c00000, 0x0000000085d00000|  0%| F|  |TAMS 0x0000000085c00000, 0x0000000085c00000| Untracked 
|  65|0x0000000085d00000, 0x0000000085d00000, 0x0000000085e00000|  0%| F|  |TAMS 0x0000000085d00000, 0x0000000085d00000| Untracked 
|  66|0x0000000085e00000, 0x0000000085e00000, 0x0000000085f00000|  0%| F|  |TAMS 0x0000000085e00000, 0x0000000085e00000| Untracked 
|  67|0x0000000085f00000, 0x0000000085f00000, 0x0000000086000000|  0%| F|  |TAMS 0x0000000085f00000, 0x0000000085f00000| Untracked 
|  68|0x0000000086000000, 0x0000000086000000, 0x0000000086100000|  0%| F|  |TAMS 0x0000000086000000, 0x0000000086000000| Untracked 
|  69|0x0000000086100000, 0x0000000086100000, 0x0000000086200000|  0%| F|  |TAMS 0x0000000086100000, 0x0000000086100000| Untracked 
|  70|0x0000000086200000, 0x0000000086200000, 0x0000000086300000|  0%| F|  |TAMS 0x0000000086200000, 0x0000000086200000| Untracked 
|  71|0x0000000086300000, 0x0000000086300000, 0x0000000086400000|  0%| F|  |TAMS 0x0000000086300000, 0x0000000086300000| Untracked 
|  72|0x0000000086400000, 0x0000000086400000, 0x0000000086500000|  0%| F|  |TAMS 0x0000000086400000, 0x0000000086400000| Untracked 
|  73|0x0000000086500000, 0x0000000086500000, 0x0000000086600000|  0%| F|  |TAMS 0x0000000086500000, 0x0000000086500000| Untracked 
|  74|0x0000000086600000, 0x0000000086600000, 0x0000000086700000|  0%| F|  |TAMS 0x0000000086600000, 0x0000000086600000| Untracked 
|  75|0x0000000086700000, 0x0000000086700000, 0x0000000086800000|  0%| F|  |TAMS 0x0000000086700000, 0x0000000086700000| Untracked 
|  76|0x0000000086800000, 0x0000000086800000, 0x0000000086900000|  0%| F|  |TAMS 0x0000000086800000, 0x0000000086800000| Untracked 
|  77|0x0000000086900000, 0x0000000086900000, 0x0000000086a00000|  0%| F|  |TAMS 0x0000000086900000, 0x0000000086900000| Untracked 
|  78|0x0000000086a00000, 0x0000000086a00000, 0x0000000086b00000|  0%| F|  |TAMS 0x0000000086a00000, 0x0000000086a00000| Untracked 
|  79|0x0000000086b00000, 0x0000000086b00000, 0x0000000086c00000|  0%| F|  |TAMS 0x0000000086b00000, 0x0000000086b00000| Untracked 
|  80|0x0000000086c00000, 0x0000000086c00000, 0x0000000086d00000|  0%| F|  |TAMS 0x0000000086c00000, 0x0000000086c00000| Untracked 
|  81|0x0000000086d00000, 0x0000000086d00000, 0x0000000086e00000|  0%| F|  |TAMS 0x0000000086d00000, 0x0000000086d00000| Untracked 
|  82|0x0000000086e00000, 0x0000000086e00000, 0x0000000086f00000|  0%| F|  |TAMS 0x0000000086e00000, 0x0000000086e00000| Untracked 
|  83|0x0000000086f00000, 0x0000000086f00000, 0x0000000087000000|  0%| F|  |TAMS 0x0000000086f00000, 0x0000000086f00000| Untracked 
|  84|0x0000000087000000, 0x0000000087000000, 0x0000000087100000|  0%| F|  |TAMS 0x0000000087000000, 0x0000000087000000| Untracked 
|  85|0x0000000087100000, 0x0000000087100000, 0x0000000087200000|  0%| F|  |TAMS 0x0000000087100000, 0x0000000087100000| Untracked 
|  86|0x0000000087200000, 0x0000000087200000, 0x0000000087300000|  0%| F|  |TAMS 0x0000000087200000, 0x0000000087200000| Untracked 
|  87|0x0000000087300000, 0x0000000087300000, 0x0000000087400000|  0%| F|  |TAMS 0x0000000087300000, 0x0000000087300000| Untracked 
|  88|0x0000000087400000, 0x0000000087400000, 0x0000000087500000|  0%| F|  |TAMS 0x0000000087400000, 0x0000000087400000| Untracked 
|  89|0x0000000087500000, 0x0000000087500000, 0x0000000087600000|  0%| F|  |TAMS 0x0000000087500000, 0x0000000087500000| Untracked 
|  90|0x0000000087600000, 0x0000000087600000, 0x0000000087700000|  0%| F|  |TAMS 0x0000000087600000, 0x0000000087600000| Untracked 
|  91|0x0000000087700000, 0x0000000087700000, 0x0000000087800000|  0%| F|  |TAMS 0x0000000087700000, 0x0000000087700000| Untracked 
|  92|0x0000000087800000, 0x0000000087800000, 0x0000000087900000|  0%| F|  |TAMS 0x0000000087800000, 0x0000000087800000| Untracked 
|  93|0x0000000087900000, 0x0000000087900000, 0x0000000087a00000|  0%| F|  |TAMS 0x0000000087900000, 0x0000000087900000| Untracked 
|  94|0x0000000087a00000, 0x0000000087a00000, 0x0000000087b00000|  0%| F|  |TAMS 0x0000000087a00000, 0x0000000087a00000| Untracked 
|  95|0x0000000087b00000, 0x0000000087b00000, 0x0000000087c00000|  0%| F|  |TAMS 0x0000000087b00000, 0x0000000087b00000| Untracked 
|  96|0x0000000087c00000, 0x0000000087c00000, 0x0000000087d00000|  0%| F|  |TAMS 0x0000000087c00000, 0x0000000087c00000| Untracked 
|  97|0x0000000087d00000, 0x0000000087d00000, 0x0000000087e00000|  0%| F|  |TAMS 0x0000000087d00000, 0x0000000087d00000| Untracked 
|  98|0x0000000087e00000, 0x0000000087e00000, 0x0000000087f00000|  0%| F|  |TAMS 0x0000000087e00000, 0x0000000087e00000| Untracked 
|  99|0x0000000087f00000, 0x0000000087f00000, 0x0000000088000000|  0%| F|  |TAMS 0x0000000087f00000, 0x0000000087f00000| Untracked 
| 100|0x0000000088000000, 0x0000000088000000, 0x0000000088100000|  0%| F|  |TAMS 0x0000000088000000, 0x0000000088000000| Untracked 
| 101|0x0000000088100000, 0x0000000088200000, 0x0000000088200000|100%| S|CS|TAMS 0x0000000088100000, 0x0000000088100000| Complete 
| 102|0x0000000088200000, 0x0000000088300000, 0x0000000088300000|100%| S|CS|TAMS 0x0000000088200000, 0x0000000088200000| Complete 
| 103|0x0000000088300000, 0x0000000088400000, 0x0000000088400000|100%| S|CS|TAMS 0x0000000088300000, 0x0000000088300000| Complete 
| 104|0x0000000088400000, 0x0000000088400000, 0x0000000088500000|  0%| F|  |TAMS 0x0000000088400000, 0x0000000088400000| Untracked 
| 105|0x0000000088500000, 0x0000000088500000, 0x0000000088600000|  0%| F|  |TAMS 0x0000000088500000, 0x0000000088500000| Untracked 
| 106|0x0000000088600000, 0x0000000088600000, 0x0000000088700000|  0%| F|  |TAMS 0x0000000088600000, 0x0000000088600000| Untracked 
| 107|0x0000000088700000, 0x0000000088700000, 0x0000000088800000|  0%| F|  |TAMS 0x0000000088700000, 0x0000000088700000| Untracked 
| 108|0x0000000088800000, 0x0000000088800000, 0x0000000088900000|  0%| F|  |TAMS 0x0000000088800000, 0x0000000088800000| Untracked 
| 109|0x0000000088900000, 0x0000000088900000, 0x0000000088a00000|  0%| F|  |TAMS 0x0000000088900000, 0x0000000088900000| Untracked 
| 110|0x0000000088a00000, 0x0000000088a00000, 0x0000000088b00000|  0%| F|  |TAMS 0x0000000088a00000, 0x0000000088a00000| Untracked 
| 111|0x0000000088b00000, 0x0000000088b00000, 0x0000000088c00000|  0%| F|  |TAMS 0x0000000088b00000, 0x0000000088b00000| Untracked 
| 112|0x0000000088c00000, 0x0000000088c00000, 0x0000000088d00000|  0%| F|  |TAMS 0x0000000088c00000, 0x0000000088c00000| Untracked 
| 113|0x0000000088d00000, 0x0000000088d00000, 0x0000000088e00000|  0%| F|  |TAMS 0x0000000088d00000, 0x0000000088d00000| Untracked 
| 114|0x0000000088e00000, 0x0000000088e00000, 0x0000000088f00000|  0%| F|  |TAMS 0x0000000088e00000, 0x0000000088e00000| Untracked 
| 115|0x0000000088f00000, 0x0000000088f00000, 0x0000000089000000|  0%| F|  |TAMS 0x0000000088f00000, 0x0000000088f00000| Untracked 
| 116|0x0000000089000000, 0x0000000089000000, 0x0000000089100000|  0%| F|  |TAMS 0x0000000089000000, 0x0000000089000000| Untracked 
| 117|0x0000000089100000, 0x0000000089100000, 0x0000000089200000|  0%| F|  |TAMS 0x0000000089100000, 0x0000000089100000| Untracked 
| 118|0x0000000089200000, 0x0000000089200000, 0x0000000089300000|  0%| F|  |TAMS 0x0000000089200000, 0x0000000089200000| Untracked 
| 119|0x0000000089300000, 0x0000000089380800, 0x0000000089400000| 50%| E|  |TAMS 0x0000000089300000, 0x0000000089300000| Complete 
| 120|0x0000000089400000, 0x0000000089500000, 0x0000000089500000|100%| E|CS|TAMS 0x0000000089400000, 0x0000000089400000| Complete 
| 121|0x0000000089500000, 0x0000000089600000, 0x0000000089600000|100%| E|CS|TAMS 0x0000000089500000, 0x0000000089500000| Complete 
| 122|0x0000000089600000, 0x0000000089700000, 0x0000000089700000|100%| E|CS|TAMS 0x0000000089600000, 0x0000000089600000| Complete 
| 123|0x0000000089700000, 0x0000000089800000, 0x0000000089800000|100%| E|CS|TAMS 0x0000000089700000, 0x0000000089700000| Complete 
| 124|0x0000000089800000, 0x0000000089900000, 0x0000000089900000|100%| E|CS|TAMS 0x0000000089800000, 0x0000000089800000| Complete 
| 125|0x0000000089900000, 0x0000000089a00000, 0x0000000089a00000|100%| E|CS|TAMS 0x0000000089900000, 0x0000000089900000| Complete 
| 126|0x0000000089a00000, 0x0000000089b00000, 0x0000000089b00000|100%| E|CS|TAMS 0x0000000089a00000, 0x0000000089a00000| Complete 
| 127|0x0000000089b00000, 0x0000000089c00000, 0x0000000089c00000|100%| E|CS|TAMS 0x0000000089b00000, 0x0000000089b00000| Complete 

Card table byte_map: [0x00000233fcca0000,0x00000233fd0a0000] _byte_map_base: 0x00000233fc892000

Marking Bits (Prev, Next): (CMBitMap*) 0x00000233e9c2ed78, (CMBitMap*) 0x00000233e9c2edb0
 Prev Bits: [0x00000233fd4a0000, 0x00000233ff430000)
 Next Bits: [0x0000023380000000, 0x0000023381f90000)

Polling page: 0x00000233e7bf0000

Metaspace:

Usage:
  Non-class:     12.52 MB capacity,    12.41 MB (>99%) used,    92.96 KB ( <1%) free+waste,    18.25 KB ( <1%) overhead. 
      Class:      1.68 MB capacity,     1.59 MB ( 95%) used,    82.64 KB (  5%) free+waste,     8.81 KB ( <1%) overhead. 
       Both:     14.19 MB capacity,    14.00 MB ( 99%) used,   175.60 KB (  1%) free+waste,    27.06 KB ( <1%) overhead. 

Virtual space:
  Non-class space:       14.00 MB reserved,      12.75 MB ( 91%) committed 
      Class space:        1.00 GB reserved,       1.75 MB ( <1%) committed 
             Both:        1.01 GB reserved,      14.50 MB (  1%) committed 

Chunk freelists:
   Non-Class:  47.00 KB
       Class:  10.00 KB
        Both:  57.00 KB

MaxMetaspaceSize: 17179869184.00 GB
CompressedClassSpaceSize: 1.00 GB

CodeHeap 'non-profiled nmethods': size=120000Kb used=372Kb max_used=372Kb free=119627Kb
 bounds [0x00000233f5040000, 0x00000233f52b0000, 0x00000233fc570000]
CodeHeap 'profiled nmethods': size=120000Kb used=2009Kb max_used=2009Kb free=117990Kb
 bounds [0x00000233edb10000, 0x00000233edd80000, 0x00000233f5040000]
CodeHeap 'non-nmethods': size=5760Kb used=1095Kb max_used=1107Kb free=4664Kb
 bounds [0x00000233ed570000, 0x00000233ed7e0000, 0x00000233edb10000]
 total_blobs=1549 nmethods=1133 adapters=328
 compilation: enabled
              stopped_count=0, restarted_count=0
 full_count=0

Compilation events (20 events):
Event: 4.906 Thread 0x0000023384798800 nmethod 1123 0x00000233edd03d10 code [0x00000233edd03f40, 0x00000233edd04828]
Event: 6.051 Thread 0x0000023384798800 1125       3       java.util.concurrent.locks.AbstractQueuedSynchronizer::acquire (27 bytes)
Event: 6.052 Thread 0x0000023384798800 nmethod 1125 0x00000233edd04a90 code [0x00000233edd04c80, 0x00000233edd05058]
Event: 6.161 Thread 0x0000023384798800 1126       3       java.util.concurrent.locks.ReentrantLock::unlock (10 bytes)
Event: 6.162 Thread 0x0000023384798800 nmethod 1126 0x00000233edd05190 code [0x00000233edd05360, 0x00000233edd05698]
Event: 6.162 Thread 0x0000023384798800 1127       3       java.util.concurrent.ThreadPoolExecutor::runStateAtLeast (11 bytes)
Event: 6.162 Thread 0x0000023384798800 nmethod 1127 0x00000233edd05810 code [0x00000233edd059c0, 0x00000233edd05af8]
Event: 7.954 Thread 0x0000023384798800 1128       3       java.util.concurrent.atomic.AtomicLong::compareAndSet (13 bytes)
Event: 7.955 Thread 0x0000023384798800 nmethod 1128 0x00000233edd05b90 code [0x00000233edd05d40, 0x00000233edd05e58]
Event: 9.285 Thread 0x0000023384798800 1129       3       com.esotericsoftware.kryo.io.Input::readUtf8Length (139 bytes)
Event: 9.285 Thread 0x0000023384798800 nmethod 1129 0x00000233edd05f10 code [0x00000233edd060e0, 0x00000233edd063f8]
Event: 9.365 Thread 0x0000023384791000 1130       4       jdk.internal.loader.URLClassPath::getResource (74 bytes)
Event: 9.366 Thread 0x0000023384798800 1131       1       org.gradle.internal.logging.text.AbstractLineChoppingStyledTextOutput$StateContext::access$000 (5 bytes)
Event: 9.366 Thread 0x0000023384798800 nmethod 1131 0x00000233f509c490 code [0x00000233f509c640, 0x00000233f509c6d8]
Event: 9.366 Thread 0x0000023384798800 1132       1       org.gradle.internal.logging.text.AbstractLineChoppingStyledTextOutput$StateContext::access$500 (5 bytes)
Event: 9.367 Thread 0x0000023384798800 nmethod 1132 0x00000233f509c790 code [0x00000233f509c940, 0x00000233f509c9d8]
Event: 9.367 Thread 0x0000023384798800 1133       1       org.gradle.internal.logging.text.AbstractLineChoppingStyledTextOutput$StateContext::access$600 (5 bytes)
Event: 9.367 Thread 0x0000023384798800 nmethod 1133 0x00000233f509ca90 code [0x00000233f509cc40, 0x00000233f509ccd8]
Event: 9.367 Thread 0x0000023384798800 1134       3       org.gradle.internal.logging.text.AbstractLineChoppingStyledTextOutput$StateContext::isCurrentCharEquals (61 bytes)
Event: 9.369 Thread 0x0000023384791000 nmethod 1130 0x00000233f509cd90 code [0x00000233f509cf40, 0x00000233f509d068]

GC Heap History (2 events):
Event: 1.298 GC heap before
{Heap before GC invocations=0 (full 0):
 garbage-first heap   total 131072K, used 29696K [0x0000000081c00000, 0x0000000100000000)
  region size 1024K, 24 young (24576K), 0 survivors (0K)
 Metaspace       used 11825K, capacity 12076K, committed 12160K, reserved 1060864K
  class space    used 1303K, capacity 1407K, committed 1408K, reserved 1048576K
}
Event: 1.305 GC heap after
{Heap after GC invocations=1 (full 0):
 garbage-first heap   total 131072K, used 8156K [0x0000000081c00000, 0x0000000100000000)
  region size 1024K, 3 young (3072K), 3 survivors (3072K)
 Metaspace       used 11825K, capacity 12076K, committed 12160K, reserved 1060864K
  class space    used 1303K, capacity 1407K, committed 1408K, reserved 1048576K
}

Deoptimization events (20 events):
Event: 1.042 Thread 0x00000233e9bf1000 Uncommon trap: trap_request=0xffffffde fr.pc=0x00000233f505db60 relative=0x00000000000003c0
Event: 1.042 Thread 0x00000233e9bf1000 Uncommon trap: reason=class_check action=maybe_recompile pc=0x00000233f505db60 method=java.util.regex.Matcher.match(II)Z @ 121 c2
Event: 1.042 Thread 0x00000233e9bf1000 DEOPT PACKING pc=0x00000233f505db60 sp=0x0000006d966fd910
Event: 1.042 Thread 0x00000233e9bf1000 DEOPT UNPACKING pc=0x00000233ed5974af sp=0x0000006d966fd8b8 mode 2
Event: 1.043 Thread 0x00000233e9bf1000 Uncommon trap: trap_request=0xffffffde fr.pc=0x00000233f505db60 relative=0x00000000000003c0
Event: 1.043 Thread 0x00000233e9bf1000 Uncommon trap: reason=class_check action=maybe_recompile pc=0x00000233f505db60 method=java.util.regex.Matcher.match(II)Z @ 121 c2
Event: 1.043 Thread 0x00000233e9bf1000 DEOPT PACKING pc=0x00000233f505db60 sp=0x0000006d966fd910
Event: 1.043 Thread 0x00000233e9bf1000 DEOPT UNPACKING pc=0x00000233ed5974af sp=0x0000006d966fd8b8 mode 2
Event: 1.043 Thread 0x00000233e9bf1000 Uncommon trap: trap_request=0xffffffde fr.pc=0x00000233f505db60 relative=0x00000000000003c0
Event: 1.043 Thread 0x00000233e9bf1000 Uncommon trap: reason=class_check action=maybe_recompile pc=0x00000233f505db60 method=java.util.regex.Matcher.match(II)Z @ 121 c2
Event: 1.043 Thread 0x00000233e9bf1000 DEOPT PACKING pc=0x00000233f505db60 sp=0x0000006d966fd910
Event: 1.043 Thread 0x00000233e9bf1000 DEOPT UNPACKING pc=0x00000233ed5974af sp=0x0000006d966fd8b8 mode 2
Event: 1.415 Thread 0x00000233e9bf1000 Uncommon trap: trap_request=0xffffff4d fr.pc=0x00000233f5088bb0 relative=0x00000000000001f0
Event: 1.415 Thread 0x00000233e9bf1000 Uncommon trap: reason=unstable_if action=reinterpret pc=0x00000233f5088bb0 method=java.util.HashMap.getNode(ILjava/lang/Object;)Ljava/util/HashMap$Node; @ 129 c2
Event: 1.415 Thread 0x00000233e9bf1000 DEOPT PACKING pc=0x00000233f5088bb0 sp=0x0000006d966fb280
Event: 1.415 Thread 0x00000233e9bf1000 DEOPT UNPACKING pc=0x00000233ed5974af sp=0x0000006d966fb1f0 mode 2
Event: 2.453 Thread 0x00000233e9bf1000 DEOPT PACKING pc=0x00000233edb9abff sp=0x0000006d966fa700
Event: 2.453 Thread 0x00000233e9bf1000 DEOPT UNPACKING pc=0x00000233ed5972ce sp=0x0000006d966f9b50 mode 0
Event: 2.501 Thread 0x00000233e9bf1000 DEOPT PACKING pc=0x00000233edbc9e30 sp=0x0000006d966fae30
Event: 2.501 Thread 0x00000233e9bf1000 DEOPT UNPACKING pc=0x00000233ed5972ce sp=0x0000006d966fa348 mode 0

Classes redefined (0 events):
No events

Internal exceptions (8 events):
Event: 0.272 Thread 0x00000233e9bf1000 Exception <a 'java/lang/NoSuchMethodError'{0x0000000089a9e8a0}: 'int java.lang.invoke.DirectMethodHandle$Holder.invokeSpecialIFC(java.lang.Object, java.lang.Object, int)'> (0x0000000089a9e8a0) thrown at [./src/hotspot/share/interpreter/linkResolver.cpp, line 773]
Event: 1.088 Thread 0x00000233e9bf1000 Exception <a 'java/lang/NoSuchMethodError'{0x0000000088adc580}: 'java.lang.Object java.lang.invoke.DirectMethodHandle$Holder.invokeVirtual(java.lang.Object, java.lang.Object, java.lang.Object, java.lang.Object, java.lang.Object)'> (0x0000000088adc580) thrown at [./src/hotspot/share/interpreter/linkResolver.cpp, line 773]
Event: 1.160 Thread 0x00000233e9bf1000 Exception <a 'java/lang/NoClassDefFoundError'{0x00000000888ae2b0}: org/slf4j/impl/StaticMarkerBinder> (0x00000000888ae2b0) thrown at [./src/hotspot/share/classfile/systemDictionary.cpp, line 220]
Event: 1.264 Thread 0x00000233e9bf1000 Exception <a 'java/lang/NoSuchMethodError'{0x00000000884011a0}: 'java.lang.Object java.lang.invoke.DirectMethodHandle$Holder.invokeStaticInit(java.lang.Object, java.lang.Object, java.lang.Object)'> (0x00000000884011a0) thrown at [./src/hotspot/share/interpreter/linkResolver.cpp, line 773]
Event: 1.351 Thread 0x00000233e9bf1000 Exception <a 'java/lang/NoSuchMethodError'{0x0000000089a233b0}: 'java.lang.Object java.lang.invoke.Invokers$Holder.invoker(java.lang.Object, java.lang.Object, java.lang.Object, java.lang.Object, java.lang.Object)'> (0x0000000089a233b0) thrown at [./src/hotspot/share/interpreter/linkResolver.cpp, line 773]
Event: 1.356 Thread 0x00000233e9bf1000 Exception <a 'java/lang/NoSuchMethodError'{0x0000000089a34428}: 'void java.lang.invoke.DelegatingMethodHandle$Holder.delegate(java.lang.Object, java.lang.Object, int, java.lang.Object)'> (0x0000000089a34428) thrown at [./src/hotspot/share/interpreter/linkResolver.cpp, line 773]
Event: 1.447 Thread 0x00000233e9bf1000 Exception <a 'java/lang/NoSuchMethodError'{0x000000008973f308}: 'java.lang.Object java.lang.invoke.DirectMethodHandle$Holder.invokeStaticInit(java.lang.Object, int, int, int, int)'> (0x000000008973f308) thrown at [./src/hotspot/share/interpreter/linkResolver.cpp, line 773]
Event: 1.923 Thread 0x00000233e9bf1000 Exception <a 'java/lang/NoSuchMethodError'{0x00000000897f8280}: 'java.lang.Object java.lang.invoke.DirectMethodHandle$Holder.invokeStaticInit(java.lang.Object, java.lang.Object, int, int, int, int)'> (0x00000000897f8280) thrown at [./src/hotspot/share/interpreter/linkResolver.cpp, line 773]

Events (20 events):
Event: 2.702 loading class jdk/internal/reflect/ClassFileAssembler
Event: 2.702 loading class jdk/internal/reflect/ClassFileAssembler done
Event: 2.702 loading class jdk/internal/reflect/UTF8
Event: 2.703 loading class jdk/internal/reflect/UTF8 done
Event: 2.703 loading class jdk/internal/reflect/Label
Event: 2.704 loading class jdk/internal/reflect/Label done
Event: 2.704 loading class jdk/internal/reflect/Label$PatchInfo
Event: 2.704 loading class jdk/internal/reflect/Label$PatchInfo done
Event: 2.704 loading class jdk/internal/reflect/MethodAccessorGenerator$1
Event: 2.704 loading class jdk/internal/reflect/MethodAccessorGenerator$1 done
Event: 2.704 loading class jdk/internal/reflect/ClassDefiner
Event: 2.704 loading class jdk/internal/reflect/ClassDefiner done
Event: 2.704 loading class jdk/internal/reflect/ClassDefiner$1
Event: 2.704 loading class jdk/internal/reflect/ClassDefiner$1 done
Event: 9.270 loading class org/gradle/internal/logging/events/StyledTextOutputEvent$Span
Event: 9.270 loading class org/gradle/internal/logging/events/StyledTextOutputEvent$Span done
Event: 9.270 loading class org/gradle/internal/logging/events/operations/StyledTextBuildOperationProgressDetails$Span
Event: 9.270 loading class org/gradle/internal/logging/events/operations/StyledTextBuildOperationProgressDetails$Span done
Event: 9.365 loading class org/gradle/internal/logging/text/AbstractLineChoppingStyledTextOutput$StateContext
Event: 9.365 loading class org/gradle/internal/logging/text/AbstractLineChoppingStyledTextOutput$StateContext done


Dynamic libraries:
0x00007ff6d5580000 - 0x00007ff6d558a000 	C:\Program Files\Android\Android Studio\jre\bin\java.exe
0x00007fffde370000 - 0x00007fffde565000 	C:\WINDOWS\SYSTEM32\ntdll.dll
0x00007fffdcef0000 - 0x00007fffdcfad000 	C:\WINDOWS\System32\KERNEL32.DLL
0x00007fffdbaa0000 - 0x00007fffdbd69000 	C:\WINDOWS\System32\KERNELBASE.dll
0x00007fffdc210000 - 0x00007fffdc310000 	C:\WINDOWS\System32\ucrtbase.dll
0x00007fff9ccb0000 - 0x00007fff9ccc9000 	C:\Program Files\Android\Android Studio\jre\bin\jli.dll
0x00007fff9cc90000 - 0x00007fff9cca7000 	C:\Program Files\Android\Android Studio\jre\bin\VCRUNTIME140.dll
0x00007fffdc460000 - 0x00007fffdc600000 	C:\WINDOWS\System32\USER32.dll
0x00007fffdbec0000 - 0x00007fffdbee2000 	C:\WINDOWS\System32\win32u.dll
0x00007fffdd7e0000 - 0x00007fffdd80a000 	C:\WINDOWS\System32\GDI32.dll
0x00007fffdae50000 - 0x00007fffdb0ea000 	C:\WINDOWS\WinSxS\amd64_microsoft.windows.common-controls_6595b64144ccf1df_6.0.19041.1110_none_60b5254171f9507e\COMCTL32.dll
0x00007fffdc100000 - 0x00007fffdc20b000 	C:\WINDOWS\System32\gdi32full.dll
0x00007fffdd930000 - 0x00007fffdd9ce000 	C:\WINDOWS\System32\msvcrt.dll
0x00007fffdbdc0000 - 0x00007fffdbe5d000 	C:\WINDOWS\System32\msvcp_win.dll
0x00007fffdc430000 - 0x00007fffdc460000 	C:\WINDOWS\System32\IMM32.DLL
0x00007fff9c5b0000 - 0x00007fff9c64d000 	C:\Program Files\Android\Android Studio\jre\bin\msvcp140.dll
0x00007fff82580000 - 0x00007fff8303c000 	C:\Program Files\Android\Android Studio\jre\bin\server\jvm.dll
0x00007fffdda30000 - 0x00007fffddadc000 	C:\WINDOWS\System32\ADVAPI32.dll
0x00007fffdce40000 - 0x00007fffdcedb000 	C:\WINDOWS\System32\sechost.dll
0x00007fffdcc80000 - 0x00007fffdcdaa000 	C:\WINDOWS\System32\RPCRT4.dll
0x00007fffdca70000 - 0x00007fffdca78000 	C:\WINDOWS\System32\PSAPI.DLL
0x00007fffc5530000 - 0x00007fffc5539000 	C:\WINDOWS\SYSTEM32\WSOCK32.dll
0x00007fffd3360000 - 0x00007fffd336a000 	C:\WINDOWS\SYSTEM32\VERSION.dll
0x00007fffbf120000 - 0x00007fffbf147000 	C:\WINDOWS\SYSTEM32\WINMM.dll
0x00007fffdd770000 - 0x00007fffdd7db000 	C:\WINDOWS\System32\WS2_32.dll
0x00007fffd9ce0000 - 0x00007fffd9cf2000 	C:\WINDOWS\SYSTEM32\kernel.appcore.dll
0x00007fffa3d80000 - 0x00007fffa3d91000 	C:\Program Files\Android\Android Studio\jre\bin\verify.dll
0x00007fffdb3c0000 - 0x00007fffdb5a4000 	C:\WINDOWS\SYSTEM32\DBGHELP.DLL
0x00007fffdb1f0000 - 0x00007fffdb21c000 	C:\WINDOWS\SYSTEM32\dbgcore.DLL
0x00007fffdc310000 - 0x00007fffdc393000 	C:\WINDOWS\System32\bcryptPrimitives.dll
0x00007fff9be60000 - 0x00007fff9be89000 	C:\Program Files\Android\Android Studio\jre\bin\java.dll
0x00007fffc2dc0000 - 0x00007fffc2dcb000 	C:\Program Files\Android\Android Studio\jre\bin\jimage.dll
0x00007fffa2c70000 - 0x00007fffa2c88000 	C:\Program Files\Android\Android Studio\jre\bin\zip.dll
0x00007fffdd030000 - 0x00007fffdd76f000 	C:\WINDOWS\System32\SHELL32.dll
0x00007fffd8dc0000 - 0x00007fffd9550000 	C:\WINDOWS\SYSTEM32\windows.storage.dll
0x00007fffddae0000 - 0x00007fffdde35000 	C:\WINDOWS\System32\combase.dll
0x00007fffdadb0000 - 0x00007fffdaddc000 	C:\WINDOWS\SYSTEM32\Wldp.dll
0x00007fffdc9c0000 - 0x00007fffdca6e000 	C:\WINDOWS\System32\SHCORE.dll
0x00007fffdcc20000 - 0x00007fffdcc75000 	C:\WINDOWS\System32\shlwapi.dll
0x00007fffdb9e0000 - 0x00007fffdb9ff000 	C:\WINDOWS\SYSTEM32\profapi.dll
0x00007fffa2320000 - 0x00007fffa233a000 	C:\Program Files\Android\Android Studio\jre\bin\net.dll
0x00007fffc1d00000 - 0x00007fffc1e08000 	C:\WINDOWS\SYSTEM32\WINHTTP.dll
0x00007fffdac80000 - 0x00007fffdacea000 	C:\WINDOWS\system32\mswsock.dll
0x00007fff9bd00000 - 0x00007fff9bd14000 	C:\Program Files\Android\Android Studio\jre\bin\nio.dll
0x00007fff989d0000 - 0x00007fff989f6000 	C:\Users\Basil Jacob\.gradle\native\30\windows-amd64\native-platform.dll
0x00007fffc1930000 - 0x00007fffc193a000 	C:\Program Files\Android\Android Studio\jre\bin\management.dll
0x00007fffc1760000 - 0x00007fffc176c000 	C:\Program Files\Android\Android Studio\jre\bin\management_ext.dll
0x00007fffdb750000 - 0x00007fffdb768000 	C:\WINDOWS\SYSTEM32\CRYPTSP.dll
0x00007fffda4b0000 - 0x00007fffda4e4000 	C:\WINDOWS\system32\rsaenh.dll
0x00007fffdc3a0000 - 0x00007fffdc3c7000 	C:\WINDOWS\System32\bcrypt.dll
0x00007fffdb9a0000 - 0x00007fffdb9ce000 	C:\WINDOWS\SYSTEM32\USERENV.dll
0x00007fffdad70000 - 0x00007fffdad7c000 	C:\WINDOWS\SYSTEM32\CRYPTBASE.dll
0x00007fffda800000 - 0x00007fffda83b000 	C:\WINDOWS\SYSTEM32\IPHLPAPI.DLL
0x00007fffdde40000 - 0x00007fffdde48000 	C:\WINDOWS\System32\NSI.dll
0x00007fffd8cc0000 - 0x00007fffd8cd7000 	C:\WINDOWS\SYSTEM32\dhcpcsvc6.DLL
0x00007fffd8ca0000 - 0x00007fffd8cbd000 	C:\WINDOWS\SYSTEM32\dhcpcsvc.DLL
0x00007fffda840000 - 0x00007fffda90c000 	C:\WINDOWS\SYSTEM32\DNSAPI.dll

dbghelp: loaded successfully - version: 4.0.5 - missing functions: none
symbol engine: initialized successfully - sym options: 0x614 - pdb path: .;C:\Program Files\Android\Android Studio\jre\bin;C:\WINDOWS\SYSTEM32;C:\WINDOWS\WinSxS\amd64_microsoft.windows.common-controls_6595b64144ccf1df_6.0.19041.1110_none_60b5254171f9507e;C:\Program Files\Android\Android Studio\jre\bin\server;C:\Users\Basil Jacob\.gradle\native\30\windows-amd64

VM Arguments:
jvm_args: -Dorg.gradle.appname=gradlew 
java_command: org.gradle.wrapper.GradleWrapperMain -q -Ptarget-platform=android-arm -Ptarget=C:\Users\Basil Jacob\AndroidStudioProjects\tab app\tab app -  socket full alive\lib\main.dart -Pdart-defines=Zmx1dHRlci5pbnNwZWN0b3Iuc3RydWN0dXJlZEVycm9ycz10cnVl,RkxVVFRFUl9XRUJfQVVUT19ERVRFQ1Q9dHJ1ZQ== -Pdart-obfuscation=false -Ptrack-widget-creation=true -Ptree-shake-icons=false -Pfilesystem-scheme=org-dartlang-root assembleProfile
java_class_path (initial): C:\Users\Basil Jacob\AndroidStudioProjects\tab app\tab app -  socket full alive\android\\gradle\wrapper\gradle-wrapper.jar
Launcher Type: SUN_STANDARD

[Global flags]
     intx CICompilerCount                          = 4                                         {product} {ergonomic}
     uint ConcGCThreads                            = 2                                         {product} {ergonomic}
     uint G1ConcRefinementThreads                  = 8                                         {product} {ergonomic}
   size_t G1HeapRegionSize                         = 1048576                                   {product} {ergonomic}
    uintx GCDrainStackTargetSize                   = 64                                        {product} {ergonomic}
   size_t InitialHeapSize                          = 134217728                                 {product} {ergonomic}
   size_t MarkStackSize                            = 4194304                                   {product} {ergonomic}
   size_t MaxHeapSize                              = 2118123520                                {product} {ergonomic}
   size_t MaxNewSize                               = 1270874112                                {product} {ergonomic}
   size_t MinHeapDeltaBytes                        = 1048576                                   {product} {ergonomic}
    uintx NonNMethodCodeHeapSize                   = 5836300                                {pd product} {ergonomic}
    uintx NonProfiledCodeHeapSize                  = 122910970                              {pd product} {ergonomic}
    uintx ProfiledCodeHeapSize                     = 122910970                              {pd product} {ergonomic}
    uintx ReservedCodeCacheSize                    = 251658240                              {pd product} {ergonomic}
     bool SegmentedCodeCache                       = true                                      {product} {ergonomic}
     bool UseCompressedClassPointers               = true                                 {lp64_product} {ergonomic}
     bool UseCompressedOops                        = true                                 {lp64_product} {ergonomic}
     bool UseG1GC                                  = true                                      {product} {ergonomic}
     bool UseLargePagesIndividualAllocation        = false                                  {pd product} {ergonomic}

Logging:
Log output configuration:
 #0: stdout all=warning uptime,level,tags
 #1: stderr all=off uptime,level,tags

Environment Variables:
JAVA_HOME=C:\Program Files\Android\Android Studio\jre
CLASSPATH=C:\Users\Basil Jacob\AndroidStudioProjects\tab app\tab app -  socket full alive\android\\gradle\wrapper\gradle-wrapper.jar
PATH=C:\flutter\flutter\bin;C:\Program Files\Git\cmd;C:\Program Files\Git\bin;C:\Windows\System32;C:\Program Files\Git\bin\git.exe;C:\src\flutter;C:\Windows\System32\WindowsPowerShell\v1.0\;C:\Windows\System32\WindowsPowerShell\v1.0\powershell.exe;C:\Windows;C:\Windows\system32;C:\Windows\System32\Wbem;;C:\Android;C:\Program Files\Microsoft SQL Server\Client SDK\ODBC\170\Tools\Binn\;C:\Program Files\Microsoft SQL Server\150\DTS\Binn\;C:\Program Files\dotnet\;C:\Program Files\CMake\bin;%SystemRoot%\system32;%SystemRoot%;%SystemRoot%\System32\Wbem;%SYSTEMROOT%\System32\WindowsPowerShell\v1.0\;%SYSTEMROOT%\System32\OpenSSH\;C:\Users\Basil Jacob\AppData\Local\Microsoft\WindowsApps;C:\Users\Basil Jacob\AppData\Local\Programs\Microsoft VS Code\bin;C:\Users\Basil Jacob\AppData\Local\atom\bin;C:\Users\Basil Jacob\AppData\Local\Microsoft\WindowsApps;C:\Users\Basil Jacob\AppData\Roaming\npm;C:\Program Files\JetBrains\PyCharm Community Edition 2020.2.1\bin;;C:\flutter\flutter\bin;C:\Program Files\Android\Android Studio\bin;C:\Program Files\Git\bin;C:\src\flutter;C:\Windows\System32\WindowsPowerShell\v1.0\;C:\Windows\System32\WindowsPowerShell\v1.0\powershell.exe;C:\Windows\System32\Wbem;C:\Windows\system32;C:\Windows;C:\esp\.espressif\tools\xtensa-esp32-elf\esp-2020r3-8.4.0\xtensa-esp32-elf\bin;C:\\esp\\.espressif\\tools\\xtensa-esp32-elf\\esp-2020r3-8.4.0\\xtensa-esp32-elf\\bin\\xtensa-esp32-elf-gcc.exe;C:\Program Files\CMake\bin\;C:\Users\Basil Jacob\third_try\components\components\tinyusb\tinyusb\lib\FreeRTOS\Source\portable\GCC;C:\esp\.espressif\tools\cmake\3.16.4\bin;C:\esp\.espressif\tools\ninja\1.10.0\;C:\Program Files\mingw-w64\x86_64-7.2.0-posix-seh-rt_v5-rev1\mingw64\bin;;C:\flutter\flutter\bin\mingit\cmd
USERNAME=Guest Account
OS=Windows_NT
PROCESSOR_IDENTIFIER=Intel64 Family 6 Model 142 Stepping 11, GenuineIntel



---------------  S Y S T E M  ---------------

OS: Windows 10 , 64 bit Build 19041 (10.0.19041.1151)
OS uptime: 0 days 1:40 hours

CPU:total 8 (initial active 8) (4 cores per cpu, 2 threads per core) family 6 model 142 stepping 11, cmov, cx8, fxsr, mmx, sse, sse2, sse3, ssse3, sse4.1, sse4.2, popcnt, avx, avx2, aes, clmul, erms, 3dnowpref, lzcnt, ht, tsc, tscinvbit, bmi1, bmi2, adx, fma

Memory: 4k page, system-wide physical 8078M (387M free)
TotalPageFile size 32654M (AvailPageFile size 0M)
current process WorkingSet (physical memory assigned to process): 89M, peak: 93M
current process commit charge ("private bytes"): 223M, peak: 226M

vm_info: OpenJDK 64-Bit Server VM (11.0.8+10-b944.6842174) for windows-amd64 JRE (11.0.8+10-b944.6842174), built on Sep 19 2020 01:11:42 by "builder" with MS VC++ 14.0 (VS2015)

END.
