#
# There is insufficient memory for the Java Runtime Environment to continue.
# Native memory allocation (malloc) failed to allocate 32744 bytes for ChunkPool::allocate
# Possible reasons:
#   The system is out of physical RAM or swap space
#   The process is running with CompressedOops enabled, and the Java Heap may be blocking the growth of the native heap
# Possible solutions:
#   Reduce memory load on the system
#   Increase physical memory or swap space
#   Check if swap backing store is full
#   Decrease Java heap size (-Xmx/-Xms)
#   Decrease number of Java threads
#   Decrease Java thread stack sizes (-Xss)
#   Set larger code cache with -XX:ReservedCodeCacheSize=
#   JVM is running with Unscaled Compressed Oops mode in which the Java heap is
#     placed in the first 4GB address space. The Java Heap base address is the
#     maximum limit for the native heap growth. Please use -XX:HeapBaseMinAddress
#     to set the Java Heap base and to place the Java Heap above 4GB virtual address.
# This output file may be truncated or incomplete.
#
#  Out of Memory Error (allocation.cpp:272), pid=11020, tid=0x00000000000015f8
#
# JRE version: OpenJDK Runtime Environment (8.0_242-b01) (build 1.8.0_242-release-1644-b01)
# Java VM: OpenJDK 64-Bit Server VM (25.242-b01 mixed mode windows-amd64 compressed oops)
# Failed to write core dump. Minidumps are not enabled by default on client versions of Windows
#

---------------  T H R E A D  ---------------

Current thread (0x0000000018557800):  JavaThread "C1 CompilerThread3" daemon [_thread_in_native, id=5624, stack(0x0000000019110000,0x0000000019210000)]

Stack: [0x0000000019110000,0x0000000019210000]
[error occurred during error reporting (printing stack bounds), id 0xc0000005]

Native frames: (J=compiled Java code, j=interpreted, Vv=VM code, C=native code)


Current CompileTask:
C1:  23584 7668       3      
[error occurred during error reporting (printing current compile task), id 0xe0000001]


---------------  P R O C E S S  ---------------

Java Threads: ( => current thread )
  0x000000001d7f6000 JavaThread "Exec process Thread 3" [_thread_in_native, id=6544, stack(0x0000000026ad0000,0x0000000026bd0000)]
  0x000000001d7f1800 JavaThread "Exec process Thread 2" [_thread_in_native, id=8948, stack(0x00000000269d0000,0x0000000026ad0000)]
  0x000000001d7f4000 JavaThread "Exec process" [_thread_in_native, id=5652, stack(0x00000000268d0000,0x00000000269d0000)]
  0x000000001d7f8800 JavaThread "Cache worker for execution history cache (C:\Users\Basil Jacob\AndroidStudioProjects\flutter_app\android\.gradle\5.6.2\executionHistory)" [_thread_blocked, id=3864, stack(0x00000000267d0000,0x00000000268d0000)]
  0x000000001ea18800 JavaThread "Execution worker for ':' Thread 7" [_thread_blocked, id=10036, stack(0x00000000264d0000,0x00000000265d0000)]
  0x000000001ea1f000 JavaThread "Execution worker for ':' Thread 6" [_thread_blocked, id=6440, stack(0x00000000263d0000,0x00000000264d0000)]
  0x000000001ea1d800 JavaThread "Execution worker for ':' Thread 5" [_thread_blocked, id=10968, stack(0x00000000262d0000,0x00000000263d0000)]
  0x000000001ea1d000 JavaThread "Execution worker for ':' Thread 4" [_thread_blocked, id=9988, stack(0x00000000261d0000,0x00000000262d0000)]
  0x000000001ea1a000 JavaThread "Execution worker for ':' Thread 3" [_thread_blocked, id=8580, stack(0x0000000025eb0000,0x0000000025fb0000)]
  0x000000001ea1e800 JavaThread "Execution worker for ':' Thread 2" [_thread_blocked, id=11360, stack(0x0000000025db0000,0x0000000025eb0000)]
  0x000000001ea1c000 JavaThread "Execution worker for ':'" [_thread_blocked, id=12160, stack(0x0000000024790000,0x0000000024890000)]
  0x000000001ea19000 JavaThread "Cache worker for file content cache (C:\Users\Basil Jacob\AndroidStudioProjects\flutter_app\android\.gradle\5.6.2\fileContent)" [_thread_blocked, id=8564, stack(0x0000000024410000,0x0000000024510000)]
  0x000000001ea1b800 JavaThread "Cache worker for file content cache (C:\Users\Basil Jacob\.gradle\caches\5.6.2\fileContent)" [_thread_blocked, id=5472, stack(0x0000000024310000,0x0000000024410000)]
  0x000000001ea1a800 JavaThread "Memory manager" [_thread_blocked, id=11580, stack(0x00000000239f0000,0x0000000023af0000)]
  0x000000001ea13000 JavaThread "Cache worker for Build Output Cleanup Cache (C:\Users\Basil Jacob\AndroidStudioProjects\flutter_app\android\.gradle\buildOutputCleanup)" [_thread_blocked, id=9288, stack(0x00000000236f0000,0x00000000237f0000)]
  0x000000001ea11000 JavaThread "Build operations Thread 8" [_thread_blocked, id=8472, stack(0x0000000022ff0000,0x00000000230f0000)]
  0x000000001ea17800 JavaThread "Build operations Thread 7" [_thread_blocked, id=5060, stack(0x0000000022ef0000,0x0000000022ff0000)]
  0x000000001ea12800 JavaThread "Build operations Thread 6" [_thread_blocked, id=1352, stack(0x0000000022df0000,0x0000000022ef0000)]
  0x000000001ea11800 JavaThread "Build operations Thread 5" [_thread_blocked, id=11956, stack(0x0000000022cf0000,0x0000000022df0000)]
  0x000000001ea10000 JavaThread "Build operations Thread 4" [_thread_blocked, id=7800, stack(0x0000000022bf0000,0x0000000022cf0000)]
  0x000000001ea17000 JavaThread "Build operations Thread 3" [_thread_blocked, id=4528, stack(0x0000000022af0000,0x0000000022bf0000)]
  0x000000001ea16000 JavaThread "Build operations Thread 2" [_thread_blocked, id=10344, stack(0x00000000229f0000,0x0000000022af0000)]
  0x000000001ea15800 JavaThread "Build operations" [_thread_blocked, id=11232, stack(0x00000000228f0000,0x00000000229f0000)]
  0x000000001ea14000 JavaThread "Cache worker for execution history cache (C:\Users\Basil Jacob\.gradle\caches\5.6.2\executionHistory)" [_thread_blocked, id=11792, stack(0x00000000225f0000,0x00000000226f0000)]
  0x000000001a9e0800 JavaThread "Cache worker for cache directory md-rule (C:\Users\Basil Jacob\.gradle\caches\5.6.2\md-rule)" [_thread_blocked, id=6916, stack(0x000000001fa80000,0x000000001fb80000)]
  0x000000001a9dd800 JavaThread "Cache worker for cache directory md-supplier (C:\Users\Basil Jacob\.gradle\caches\5.6.2\md-supplier)" [_thread_blocked, id=604, stack(0x000000001f7d0000,0x000000001f8d0000)]
  0x000000001a9e0000 JavaThread "Cache worker for file hash cache (C:\Users\Basil Jacob\AndroidStudioProjects\flutter_app\android\.gradle\5.6.2\fileHashes)" [_thread_blocked, id=2360, stack(0x000000001f980000,0x000000001fa80000)]
  0x000000001a9dd000 JavaThread "Cache worker for journal cache (C:\Users\Basil Jacob\.gradle\caches\journal-1)" [_thread_blocked, id=11692, stack(0x000000001d130000,0x000000001d230000)]
  0x000000001a9de800 JavaThread "File lock request listener" [_thread_in_native, id=11280, stack(0x000000001d030000,0x000000001d130000)]
  0x0000000019606800 JavaThread "Cache worker for file hash cache (C:\Users\Basil Jacob\.gradle\caches\5.6.2\fileHashes)" [_thread_blocked, id=4432, stack(0x000000001cf30000,0x000000001d030000)]
  0x000000001b02f000 JavaThread "Thread-9" [_thread_blocked, id=9944, stack(0x000000001ce30000,0x000000001cf30000)]
  0x000000001b0f6800 JavaThread "Stdin handler" [_thread_blocked, id=11940, stack(0x000000001cd30000,0x000000001ce30000)]
  0x000000001b0f5800 JavaThread "Asynchronous log dispatcher for DefaultDaemonConnection: socket connection from /127.0.0.1:54619 to /127.0.0.1:54620" [_thread_blocked, id=9996, stack(0x000000001cb30000,0x000000001cc30000)]
  0x000000001b019800 JavaThread "Daemon worker" [_thread_blocked, id=3096, stack(0x000000001c830000,0x000000001c930000)]
  0x000000001b0f0000 JavaThread "Cancel handler" [_thread_blocked, id=10580, stack(0x000000001c730000,0x000000001c830000)]
  0x000000001b0ee000 JavaThread "Handler for socket connection from /127.0.0.1:54619 to /127.0.0.1:54620" [_thread_in_native, id=8464, stack(0x000000001c630000,0x000000001c730000)]
  0x000000001b19a000 JavaThread "Daemon" [_thread_blocked, id=4120, stack(0x000000001c530000,0x000000001c630000)]
  0x000000001b0d6800 JavaThread "Daemon periodic checks" [_thread_blocked, id=6604, stack(0x000000001c430000,0x000000001c530000)]
  0x000000001aadf800 JavaThread "Incoming local TCP Connector on port 54619" [_thread_in_native, id=4460, stack(0x000000001c1f0000,0x000000001c2f0000)]
  0x0000000018681800 JavaThread "Daemon health stats" [_thread_blocked, id=6900, stack(0x000000001bbb0000,0x000000001bcb0000)]
  0x00000000185d7800 JavaThread "Service Thread" daemon [_thread_blocked, id=8712, stack(0x0000000019210000,0x0000000019310000)]
=>0x0000000018557800 JavaThread "C1 CompilerThread3" daemon [_thread_in_native, id=5624, stack(0x0000000019110000,0x0000000019210000)]
  0x0000000018550000 JavaThread "C2 CompilerThread2" daemon [_thread_blocked, id=11676, stack(0x0000000019010000,0x0000000019110000)]
  0x000000001674e000 JavaThread "C2 CompilerThread1" daemon [_thread_blocked, id=8284, stack(0x0000000018f10000,0x0000000019010000)]
  0x000000001674b800 JavaThread "C2 CompilerThread0" daemon [_thread_blocked, id=7196, stack(0x0000000018e10000,0x0000000018f10000)]
  0x0000000018546000 JavaThread "Attach Listener" daemon [_thread_blocked, id=9244, stack(0x0000000018d10000,0x0000000018e10000)]
  0x0000000018544000 JavaThread "Signal Dispatcher" daemon [_thread_blocked, id=4956, stack(0x0000000018c10000,0x0000000018d10000)]
  0x000000000297c800 JavaThread "Finalizer" daemon [_thread_blocked, id=3652, stack(0x0000000018a10000,0x0000000018b10000)]
  0x0000000018530800 JavaThread "Reference Handler" daemon [_thread_blocked, id=4232, stack(0x0000000018910000,0x0000000018a10000)]
  0x0000000002882800 JavaThread "main" [_thread_blocked, id=7908, stack(0x0000000002760000,0x0000000002860000)]

Other Threads:
  0x0000000016737000 VMThread [stack: 0x0000000018410000,0x0000000018510000] [id=10876]
  0x00000000185d8800 WatcherThread [stack: 0x0000000019310000,0x0000000019410000] [id=7752]

VM state:not at safepoint (normal execution)

VM Mutex/Monitor currently owned by a thread: None

heap address: 0x00000000a0000000, size: 1536 MB, Compressed Oops mode: 32-bit
Narrow klass base: 0x0000000000000000, Narrow klass shift: 3
Compressed class space size: 1073741824 Address: 0x0000000100000000

Heap:
 PSYoungGen      total 178176K, used 152089K [0x00000000e0000000, 0x00000000ee000000, 0x0000000100000000)
  eden space 160256K, 94% used [0x00000000e0000000,0x00000000e94867c8,0x00000000e9c80000)
  from space 17920K, 0% used [0x00000000eb380000,0x00000000eb380000,0x00000000ec500000)
  to   space 23552K, 0% used [0x00000000e9c80000,0x00000000e9c80000,0x00000000eb380000)
 ParOldGen       total 145408K, used 39603K [0x00000000a0000000, 0x00000000a8e00000, 0x00000000e0000000)
  object space 145408K, 27% used [0x00000000a0000000,0x00000000a26acc20,0x00000000a8e00000)
 Metaspace       used 63609K, capacity 66500K, committed 66600K, reserved 1105920K
  class space    used 8836K, capacity 9508K, committed 9512K, reserved 1048576K

Card table byte_map: [0x0000000011d40000,0x0000000012050000] byte_map_base: 0x0000000011840000

Marking Bits: (ParMarkBitMap*) 0x0000000071acf030
 Begin Bits: [0x0000000012a50000, 0x0000000014250000)
 End Bits:   [0x0000000014250000, 0x0000000015a50000)

Polling page: 0x0000000000990000

CodeCache: size=245760Kb used=21976Kb max_used=22538Kb free=223783Kb
 bounds [0x0000000002980000, 0x0000000003fc0000, 0x0000000011980000]
 total_blobs=7649 nmethods=6846 adapters=716
 compilation: enabled

Compilation events (10 events):
Event: 21.810 Thread 0x0000000018557800 nmethod 7662 0x00000000033a5e90 code [0x00000000033a6000, 0x00000000033a6208]
Event: 21.810 Thread 0x0000000018557800 7663       3       org.gradle.internal.serialize.InputStreamBackedDecoder::readBoolean (8 bytes)
Event: 21.810 Thread 0x0000000018557800 nmethod 7663 0x0000000002ac0390 code [0x0000000002ac0520, 0x0000000002ac0958]
Event: 21.811 Thread 0x0000000018557800 7664       3       java.io.DataInputStream::readBoolean (30 bytes)
Event: 21.811 Thread 0x0000000018557800 nmethod 7664 0x0000000002ae4f50 code [0x0000000002ae50e0, 0x0000000002ae5438]
Event: 23.043 Thread 0x0000000018557800 7665       3       sun.management.MemoryPoolImpl::getType (15 bytes)
Event: 23.044 Thread 0x0000000018557800 nmethod 7665 0x0000000003259d10 code [0x0000000003259e60, 0x000000000325a010]
Event: 23.581 Thread 0x0000000018557800 7666       3       java.io.FilterOutputStream::write (9 bytes)
Event: 23.581 Thread 0x0000000018557800 nmethod 7666 0x0000000002bb45d0 code [0x0000000002bb4740, 0x0000000002bb4968]
Event: 23.582 Thread 0x0000000018557800 7668       3       org.gradle.internal.io.LinePerThreadBufferingOutputStream::getStream (44 bytes)

GC Heap History (10 events):
Event: 5.631 GC heap before
{Heap before GC invocations=11 (full 2):
 PSYoungGen      total 117248K, used 11331K [0x00000000e0000000, 0x00000000eaa80000, 0x0000000100000000)
  eden space 104960K, 0% used [0x00000000e0000000,0x00000000e0000000,0x00000000e6680000)
  from space 12288K, 92% used [0x00000000e6680000,0x00000000e7190f68,0x00000000e7280000)
  to   space 13312K, 0% used [0x00000000e9d80000,0x00000000e9d80000,0x00000000eaa80000)
 ParOldGen       total 59392K, used 9648K [0x00000000a0000000, 0x00000000a3a00000, 0x00000000e0000000)
  object space 59392K, 16% used [0x00000000a0000000,0x00000000a096c320,0x00000000a3a00000)
 Metaspace       used 34573K, capacity 35446K, committed 35496K, reserved 1079296K
  class space    used 4728K, capacity 4990K, committed 5032K, reserved 1048576K
Event: 5.708 GC heap after
Heap after GC invocations=11 (full 2):
 PSYoungGen      total 117248K, used 0K [0x00000000e0000000, 0x00000000eaa80000, 0x0000000100000000)
  eden space 104960K, 0% used [0x00000000e0000000,0x00000000e0000000,0x00000000e6680000)
  from space 12288K, 0% used [0x00000000e6680000,0x00000000e6680000,0x00000000e7280000)
  to   space 13312K, 0% used [0x00000000e9d80000,0x00000000e9d80000,0x00000000eaa80000)
 ParOldGen       total 92160K, used 18112K [0x00000000a0000000, 0x00000000a5a00000, 0x00000000e0000000)
  object space 92160K, 19% used [0x00000000a0000000,0x00000000a11b03c8,0x00000000a5a00000)
 Metaspace       used 34552K, capacity 35374K, committed 35496K, reserved 1079296K
  class space    used 4721K, capacity 4978K, committed 5032K, reserved 1048576K
}
Event: 6.834 GC heap before
{Heap before GC invocations=12 (full 2):
 PSYoungGen      total 117248K, used 104960K [0x00000000e0000000, 0x00000000eaa80000, 0x0000000100000000)
  eden space 104960K, 100% used [0x00000000e0000000,0x00000000e6680000,0x00000000e6680000)
  from space 12288K, 0% used [0x00000000e6680000,0x00000000e6680000,0x00000000e7280000)
  to   space 13312K, 0% used [0x00000000e9d80000,0x00000000e9d80000,0x00000000eaa80000)
 ParOldGen       total 92160K, used 18112K [0x00000000a0000000, 0x00000000a5a00000, 0x00000000e0000000)
  object space 92160K, 19% used [0x00000000a0000000,0x00000000a11b03c8,0x00000000a5a00000)
 Metaspace       used 44739K, capacity 45786K, committed 45992K, reserved 1089536K
  class space    used 5972K, capacity 6249K, committed 6312K, reserved 1048576K
Event: 6.844 GC heap after
Heap after GC invocations=12 (full 2):
 PSYoungGen      total 145408K, used 12966K [0x00000000e0000000, 0x00000000eaa80000, 0x0000000100000000)
  eden space 132096K, 0% used [0x00000000e0000000,0x00000000e0000000,0x00000000e8100000)
  from space 13312K, 97% used [0x00000000e9d80000,0x00000000eaa29928,0x00000000eaa80000)
  to   space 14848K, 0% used [0x00000000e8d80000,0x00000000e8d80000,0x00000000e9c00000)
 ParOldGen       total 92160K, used 18120K [0x00000000a0000000, 0x00000000a5a00000, 0x00000000e0000000)
  object space 92160K, 19% used [0x00000000a0000000,0x00000000a11b23c8,0x00000000a5a00000)
 Metaspace       used 44739K, capacity 45786K, committed 45992K, reserved 1089536K
  class space    used 5972K, capacity 6249K, committed 6312K, reserved 1048576K
}
Event: 8.387 GC heap before
{Heap before GC invocations=13 (full 2):
 PSYoungGen      total 145408K, used 145062K [0x00000000e0000000, 0x00000000eaa80000, 0x0000000100000000)
  eden space 132096K, 100% used [0x00000000e0000000,0x00000000e8100000,0x00000000e8100000)
  from space 13312K, 97% used [0x00000000e9d80000,0x00000000eaa29928,0x00000000eaa80000)
  to   space 14848K, 0% used [0x00000000e8d80000,0x00000000e8d80000,0x00000000e9c00000)
 ParOldGen       total 92160K, used 18120K [0x00000000a0000000, 0x00000000a5a00000, 0x00000000e0000000)
  object space 92160K, 19% used [0x00000000a0000000,0x00000000a11b23c8,0x00000000a5a00000)
 Metaspace       used 51938K, capacity 53410K, committed 53544K, reserved 1095680K
  class space    used 7043K, capacity 7436K, committed 7464K, reserved 1048576K
Event: 8.409 GC heap after
Heap after GC invocations=13 (full 2):
 PSYoungGen      total 159744K, used 14838K [0x00000000e0000000, 0x00000000ec500000, 0x0000000100000000)
  eden space 144896K, 0% used [0x00000000e0000000,0x00000000e0000000,0x00000000e8d80000)
  from space 14848K, 99% used [0x00000000e8d80000,0x00000000e9bfdbd0,0x00000000e9c00000)
  to   space 17920K, 0% used [0x00000000eb380000,0x00000000eb380000,0x00000000ec500000)
 ParOldGen       total 92160K, used 21987K [0x00000000a0000000, 0x00000000a5a00000, 0x00000000e0000000)
  object space 92160K, 23% used [0x00000000a0000000,0x00000000a1578cf0,0x00000000a5a00000)
 Metaspace       used 51938K, capacity 53410K, committed 53544K, reserved 1095680K
  class space    used 7043K, capacity 7436K, committed 7464K, reserved 1048576K
}
Event: 9.765 GC heap before
{Heap before GC invocations=14 (full 2):
 PSYoungGen      total 159744K, used 135418K [0x00000000e0000000, 0x00000000ec500000, 0x0000000100000000)
  eden space 144896K, 83% used [0x00000000e0000000,0x00000000e75c0d88,0x00000000e8d80000)
  from space 14848K, 99% used [0x00000000e8d80000,0x00000000e9bfdbd0,0x00000000e9c00000)
  to   space 17920K, 0% used [0x00000000eb380000,0x00000000eb380000,0x00000000ec500000)
 ParOldGen       total 92160K, used 21987K [0x00000000a0000000, 0x00000000a5a00000, 0x00000000e0000000)
  object space 92160K, 23% used [0x00000000a0000000,0x00000000a1578cf0,0x00000000a5a00000)
 Metaspace       used 57197K, capacity 59104K, committed 59160K, reserved 1099776K
  class space    used 7795K, capacity 8328K, committed 8360K, reserved 1048576K
Event: 9.787 GC heap after
Heap after GC invocations=14 (full 2):
 PSYoungGen      total 178176K, used 17896K [0x00000000e0000000, 0x00000000ee000000, 0x0000000100000000)
  eden space 160256K, 0% used [0x00000000e0000000,0x00000000e0000000,0x00000000e9c80000)
  from space 17920K, 99% used [0x00000000eb380000,0x00000000ec4fa190,0x00000000ec500000)
  to   space 23552K, 0% used [0x00000000e9c80000,0x00000000e9c80000,0x00000000eb380000)
 ParOldGen       total 92160K, used 29591K [0x00000000a0000000, 0x00000000a5a00000, 0x00000000e0000000)
  object space 92160K, 32% used [0x00000000a0000000,0x00000000a1ce5e90,0x00000000a5a00000)
 Metaspace       used 57197K, capacity 59104K, committed 59160K, reserved 1099776K
  class space    used 7795K, capacity 8328K, committed 8360K, reserved 1048576K
}
Event: 9.787 GC heap before
{Heap before GC invocations=15 (full 3):
 PSYoungGen      total 178176K, used 17896K [0x00000000e0000000, 0x00000000ee000000, 0x0000000100000000)
  eden space 160256K, 0% used [0x00000000e0000000,0x00000000e0000000,0x00000000e9c80000)
  from space 17920K, 99% used [0x00000000eb380000,0x00000000ec4fa190,0x00000000ec500000)
  to   space 23552K, 0% used [0x00000000e9c80000,0x00000000e9c80000,0x00000000eb380000)
 ParOldGen       total 92160K, used 29591K [0x00000000a0000000, 0x00000000a5a00000, 0x00000000e0000000)
  object space 92160K, 32% used [0x00000000a0000000,0x00000000a1ce5e90,0x00000000a5a00000)
 Metaspace       used 57197K, capacity 59104K, committed 59160K, reserved 1099776K
  class space    used 7795K, capacity 8328K, committed 8360K, reserved 1048576K
Event: 10.008 GC heap after
Heap after GC invocations=15 (full 3):
 PSYoungGen      total 178176K, used 0K [0x00000000e0000000, 0x00000000ee000000, 0x0000000100000000)
  eden space 160256K, 0% used [0x00000000e0000000,0x00000000e0000000,0x00000000e9c80000)
  from space 17920K, 0% used [0x00000000eb380000,0x00000000eb380000,0x00000000ec500000)
  to   space 23552K, 0% used [0x00000000e9c80000,0x00000000e9c80000,0x00000000eb380000)
 ParOldGen       total 145408K, used 39603K [0x00000000a0000000, 0x00000000a8e00000, 0x00000000e0000000)
  object space 145408K, 27% used [0x00000000a0000000,0x00000000a26acc20,0x00000000a8e00000)
 Metaspace       used 57197K, capacity 59104K, committed 59160K, reserved 1099776K
  class space    used 7795K, capacity 8328K, committed 8360K, reserved 1048576K
}

Deoptimization events (10 events):
Event: 10.431 Thread 0x000000001b019800 Uncommon trap: reason=unstable_if action=reinterpret pc=0x0000000003513a04 method=java.lang.Integer.parseInt(Ljava/lang/String;I)I @ 197
Event: 10.493 Thread 0x000000001b019800 Uncommon trap: reason=unstable_if action=reinterpret pc=0x000000000380e304 method=java.lang.String.lastIndexOf([CII[CIII)I @ 118
Event: 10.625 Thread 0x000000001b019800 Uncommon trap: reason=unstable_if action=reinterpret pc=0x0000000002c59748 method=com.esotericsoftware.kryo.io.Output.writeString(Ljava/lang/String;)V @ 39
Event: 11.254 Thread 0x000000001b019800 Uncommon trap: reason=class_check action=maybe_recompile pc=0x0000000003d60310 method=java.util.HashMap.removeNode(ILjava/lang/Object;Ljava/lang/Object;ZZ)Ljava/util/HashMap$Node; @ 143
Event: 11.518 Thread 0x000000001ea14000 Uncommon trap: reason=unstable_if action=reinterpret pc=0x0000000003e671ac method=com.esotericsoftware.kryo.io.Input.readVarInt(Z)I @ 42
Event: 11.700 Thread 0x000000001d7f8800 Uncommon trap: reason=unstable_if action=reinterpret pc=0x0000000003bbe868 method=com.esotericsoftware.kryo.io.Input.readVarInt(Z)I @ 42
Event: 11.824 Thread 0x000000001b0d6800 Uncommon trap: reason=speculate_class_check action=maybe_recompile pc=0x00000000032cc6dc method=java.util.AbstractList.listIterator()Ljava/util/ListIterator; @ 2
Event: 21.811 Thread 0x000000001b0d6800 Uncommon trap: reason=speculate_class_check action=maybe_recompile pc=0x00000000032cc6dc method=java.util.AbstractList.listIterator()Ljava/util/ListIterator; @ 2
Event: 23.581 Thread 0x000000001d7f1800 Uncommon trap: reason=unstable_if action=reinterpret pc=0x0000000002df04c0 method=org.gradle.internal.logging.text.AbstractLineChoppingStyledTextOutput$2.execute(Lorg/gradle/internal/logging/text/AbstractLineChoppingStyledTextOutput$StateContext;)V @ 30
Event: 23.582 Thread 0x000000001d7f1800 Uncommon trap: reason=unstable_if action=reinterpret pc=0x0000000002d9e54c method=org.gradle.internal.logging.text.AbstractLineChoppingStyledTextOutput$2.execute(Lorg/gradle/internal/logging/text/AbstractLineChoppingStyledTextOutput$StateContext;)V @ 30

Classes redefined (0 events):
No events

Internal exceptions (10 events):
Event: 12.073 Thread 0x000000001ea1a000 Exception <a 'java/lang/ClassNotFoundException': org/gradle/process/internal/AbstractExecHandleBuilderCustomizer> (0x00000000e8edc950) thrown at [C:\src\AOSP-openjdk-git\hotspot\src\share\vm\classfile\systemDictionary.cpp, line 210]
Event: 12.074 Thread 0x000000001ea1a000 Exception <a 'java/lang/ClassNotFoundException': org/gradle/process/internal/DefaultExecHandleBuilderCustomizer> (0x00000000e8f30a58) thrown at [C:\src\AOSP-openjdk-git\hotspot\src\share\vm\classfile\systemDictionary.cpp, line 210]
Event: 12.075 Thread 0x000000001ea1a000 Exception <a 'java/lang/ClassNotFoundException': org/gradle/process/internal/DefaultExecActionCustomizer> (0x00000000e8fa7d50) thrown at [C:\src\AOSP-openjdk-git\hotspot\src\share\vm\classfile\systemDictionary.cpp, line 210]
Event: 12.075 Thread 0x000000001ea1a000 Exception <a 'java/lang/ClassNotFoundException': org/gradle/process/internal/DefaultExecAction_DecoratedCustomizer> (0x00000000e8ff1d90) thrown at [C:\src\AOSP-openjdk-git\hotspot\src\share\vm\classfile\systemDictionary.cpp, line 210]
Event: 12.078 Thread 0x000000001ea1a000 Exception <a 'java/lang/ClassNotFoundException': org/gradle/api/logging/LogLevelBeanInfo> (0x00000000e904f5d8) thrown at [C:\src\AOSP-openjdk-git\hotspot\src\share\vm\classfile\systemDictionary.cpp, line 210]
Event: 12.078 Thread 0x000000001ea1a000 Exception <a 'java/lang/ClassNotFoundException': java/lang/EnumBeanInfo> (0x00000000e90594f0) thrown at [C:\src\AOSP-openjdk-git\hotspot\src\share\vm\classfile\systemDictionary.cpp, line 210]
Event: 12.078 Thread 0x000000001ea1a000 Exception <a 'java/lang/ClassNotFoundException': java/lang/EnumCustomizer> (0x00000000e90639f8) thrown at [C:\src\AOSP-openjdk-git\hotspot\src\share\vm\classfile\systemDictionary.cpp, line 210]
Event: 12.079 Thread 0x000000001ea1a000 Exception <a 'java/lang/ClassNotFoundException': org/gradle/api/logging/LogLevelCustomizer> (0x00000000e9099658) thrown at [C:\src\AOSP-openjdk-git\hotspot\src\share\vm\classfile\systemDictionary.cpp, line 210]
Event: 12.081 Thread 0x000000001ea1a000 Exception <a 'java/lang/ClassNotFoundException': org/gradle/internal/logging/compatbridge/LoggingManagerInternalCompatibilityBridgeBeanInfo> (0x00000000e9116db8) thrown at [C:\src\AOSP-openjdk-git\hotspot\src\share\vm\classfile\systemDictionary.cpp, line 
Event: 12.082 Thread 0x000000001ea1a000 Exception <a 'java/lang/ClassNotFoundException': org/gradle/internal/logging/compatbridge/LoggingManagerInternalCompatibilityBridgeCustomizer> (0x00000000e9167618) thrown at [C:\src\AOSP-openjdk-git\hotspot\src\share\vm\classfile\systemDictionary.cpp, lin

Events (10 events):
Event: 23.582 Thread 0x0000000018557800 flushing nmethod 0x0000000002f0d790
Event: 23.582 Thread 0x0000000018557800 flushing nmethod 0x0000000002f0fb50
Event: 23.582 Thread 0x0000000018557800 flushing nmethod 0x0000000002f1c610
Event: 23.582 Thread 0x0000000018557800 flushing nmethod 0x0000000002f462d0
Event: 23.582 Thread 0x0000000018557800 flushing nmethod 0x0000000002f5eb10
Event: 23.582 Thread 0x000000001d7f1800 Uncommon trap: trap_request=0xffffff65 fr.pc=0x0000000002d9e54c
Event: 23.582 Thread 0x0000000018557800 flushing nmethod 0x0000000002fcb510
Event: 23.582 Thread 0x000000001d7f1800 DEOPT PACKING pc=0x0000000002d9e54c sp=0x0000000026ace020
Event: 23.582 Thread 0x0000000018557800 flushing nmethod 0x0000000002fcd390
Event: 23.582 Thread 0x000000001d7f1800 DEOPT UNPACKING pc=0x00000000029c557b sp=0x0000000026acdeb8 mode 2


Dynamic libraries:
0x00007ff69bc30000 - 0x00007ff69bc61000 	C:\Program Files\Android\Android Studio\jre\bin\java.exe
0x00007ffdfe430000 - 0x00007ffdfe626000 	C:\WINDOWS\SYSTEM32\ntdll.dll
0x00007ffdfc630000 - 0x00007ffdfc6ed000 	C:\WINDOWS\System32\KERNEL32.DLL
0x00007ffdfbb70000 - 0x00007ffdfbe39000 	C:\WINDOWS\System32\KERNELBASE.dll
0x00007ffdfddd0000 - 0x00007ffdfde7c000 	C:\WINDOWS\System32\ADVAPI32.dll
0x00007ffdfc4a0000 - 0x00007ffdfc53e000 	C:\WINDOWS\System32\msvcrt.dll
0x00007ffdfdf10000 - 0x00007ffdfdfac000 	C:\WINDOWS\System32\sechost.dll
0x00007ffdfe1b0000 - 0x00007ffdfe2db000 	C:\WINDOWS\System32\RPCRT4.dll
0x00007ffdfd1d0000 - 0x00007ffdfd370000 	C:\WINDOWS\System32\USER32.dll
0x00007ffdfc300000 - 0x00007ffdfc322000 	C:\WINDOWS\System32\win32u.dll
0x00007ffdfcc00000 - 0x00007ffdfcc2a000 	C:\WINDOWS\System32\GDI32.dll
0x00007ffdfc190000 - 0x00007ffdfc299000 	C:\WINDOWS\System32\gdi32full.dll
0x00007ffdfc070000 - 0x00007ffdfc10d000 	C:\WINDOWS\System32\msvcp_win.dll
0x00007ffdfbf70000 - 0x00007ffdfc070000 	C:\WINDOWS\System32\ucrtbase.dll
0x00007ffdfaf30000 - 0x00007ffdfb1cb000 	C:\WINDOWS\WinSxS\amd64_microsoft.windows.common-controls_6595b64144ccf1df_6.0.19041.488_none_ca04af081b815d21\COMCTL32.dll
0x00007ffdfdd20000 - 0x00007ffdfdd50000 	C:\WINDOWS\System32\IMM32.DLL
0x0000000071220000 - 0x00000000712f2000 	C:\Program Files\Android\Android Studio\jre\jre\bin\msvcr100.dll
0x0000000071300000 - 0x0000000071b4b000 	C:\Program Files\Android\Android Studio\jre\jre\bin\server\jvm.dll
0x00007ffdfd5c0000 - 0x00007ffdfd5c8000 	C:\WINDOWS\System32\PSAPI.DLL
0x00007ffdfb6f0000 - 0x00007ffdfb6f9000 	C:\WINDOWS\SYSTEM32\WSOCK32.dll
0x00007ffde3dc0000 - 0x00007ffde3de7000 	C:\WINDOWS\SYSTEM32\WINMM.dll
0x00007ffdf5fa0000 - 0x00007ffdf5faa000 	C:\WINDOWS\SYSTEM32\VERSION.dll
0x00007ffdfde80000 - 0x00007ffdfdeeb000 	C:\WINDOWS\System32\WS2_32.dll
0x00007ffdf9c90000 - 0x00007ffdf9c9f000 	C:\Program Files\Android\Android Studio\jre\jre\bin\verify.dll
0x00007ffdcf310000 - 0x00007ffdcf339000 	C:\Program Files\Android\Android Studio\jre\jre\bin\java.dll
0x00007ffdf3410000 - 0x00007ffdf3426000 	C:\Program Files\Android\Android Studio\jre\jre\bin\zip.dll
0x00007ffdfd5d0000 - 0x00007ffdfdd12000 	C:\WINDOWS\System32\SHELL32.dll
0x00007ffdf8fb0000 - 0x00007ffdf9745000 	C:\WINDOWS\SYSTEM32\windows.storage.dll
0x00007ffdfc6f0000 - 0x00007ffdfca46000 	C:\WINDOWS\System32\combase.dll
0x00007ffdfae90000 - 0x00007ffdfaebc000 	C:\WINDOWS\SYSTEM32\Wldp.dll
0x00007ffdfe0a0000 - 0x00007ffdfe14e000 	C:\WINDOWS\System32\SHCORE.dll
0x00007ffdfe2e0000 - 0x00007ffdfe335000 	C:\WINDOWS\System32\shlwapi.dll
0x00007ffdfbaa0000 - 0x00007ffdfbac6000 	C:\WINDOWS\SYSTEM32\profapi.dll
0x00007ffdd1290000 - 0x00007ffdd12aa000 	C:\Program Files\Android\Android Studio\jre\jre\bin\net.dll
0x00007ffdfad70000 - 0x00007ffdfadda000 	C:\WINDOWS\system32\mswsock.dll
0x00007ffdcecc0000 - 0x00007ffdcecd3000 	C:\Program Files\Android\Android Studio\jre\jre\bin\nio.dll
0x00007ffdbef20000 - 0x00007ffdbef46000 	C:\Users\Basil Jacob\.gradle\native\30\windows-amd64\native-platform.dll
0x00007ffdf9c00000 - 0x00007ffdf9c0d000 	C:\Program Files\Android\Android Studio\jre\jre\bin\management.dll
0x00007ffdfb830000 - 0x00007ffdfb848000 	C:\WINDOWS\SYSTEM32\CRYPTSP.dll
0x00007ffdfa5c0000 - 0x00007ffdfa5f4000 	C:\WINDOWS\system32\rsaenh.dll
0x00007ffdfbf40000 - 0x00007ffdfbf67000 	C:\WINDOWS\System32\bcrypt.dll
0x00007ffdfba20000 - 0x00007ffdfba4e000 	C:\WINDOWS\SYSTEM32\USERENV.dll
0x00007ffdfc110000 - 0x00007ffdfc190000 	C:\WINDOWS\System32\bcryptprimitives.dll
0x00007ffdfae50000 - 0x00007ffdfae5c000 	C:\WINDOWS\SYSTEM32\CRYPTBASE.dll
0x00007ffdfa900000 - 0x00007ffdfa93b000 	C:\WINDOWS\SYSTEM32\IPHLPAPI.DLL
0x00007ffdfe090000 - 0x00007ffdfe098000 	C:\WINDOWS\System32\NSI.dll
0x00007ffdf8ed0000 - 0x00007ffdf8ee7000 	C:\WINDOWS\SYSTEM32\dhcpcsvc6.DLL
0x00007ffdf8eb0000 - 0x00007ffdf8ecd000 	C:\WINDOWS\SYSTEM32\dhcpcsvc.DLL
0x00007ffdfa940000 - 0x00007ffdfaa0b000 	C:\WINDOWS\SYSTEM32\DNSAPI.dll

VM Arguments:
jvm_args: -Xmx1536M -Dfile.encoding=windows-1252 -Duser.country=US -Duser.language=en -Duser.variant 
java_command: org.gradle.launcher.daemon.bootstrap.GradleDaemon 5.6.2
java_class_path (initial): C:\Users\Basil Jacob\.gradle\wrapper\dists\gradle-5.6.2-all\9st6wgf78h16so49nn74lgtbb\gradle-5.6.2\lib\gradle-launcher-5.6.2.jar
Launcher Type: SUN_STANDARD

Environment Variables:
JAVA_HOME=C:\Program Files\Android\Android Studio\jre
CLASSPATH=C:\Users\Basil Jacob\AndroidStudioProjects\flutter_app\android\\gradle\wrapper\gradle-wrapper.jar
PATH=C:\flutter\flutter\bin;C:\Program Files\Git\cmd;C:\Program Files\Git\bin;C:\Windows\System32;C:\Program Files\Git\bin\git.exe;C:\Program Files\Git\cmd;C:\src\flutter;C:\Windows\System32\WindowsPowerShell\v1.0\;C:\Windows\System32\WindowsPowerShell\v1.0\powershell.exe;C:\Windows;C:\Windows\system32;C:\Windows\System32\Wbem;C:\Users\Basil Jacob\AppData\Local\Microsoft\WindowsApps;C:\Users\Basil Jacob\AppData\Local\Programs\Microsoft VS Code\bin;C:\Users\Basil Jacob\AppData\Local\atom\bin;C:\Users\Basil Jacob\AppData\Local\Microsoft\WindowsApps;C:\Users\Basil Jacob\AppData\Roaming\npm;C:\Program Files\JetBrains\PyCharm Community Edition 2020.2.1\bin;;C:\flutter\flutter\bin;C:\Program Files\Android\Android Studio\bin;C:\Program Files\Git\bin;C:\src\flutter;C:\Windows\System32\WindowsPowerShell\v1.0\;C:\Windows\System32\WindowsPowerShell\v1.0\powershell.exe;C:\Windows\System32\Wbem;C:\Windows\system32;C:\Windows;;C:\src\flutter\bin\mingit\cmd
USERNAME=Basil Jacob
OS=Windows_NT
PROCESSOR_IDENTIFIER=Intel64 Family 6 Model 142 Stepping 11, GenuineIntel



---------------  S Y S T E M  ---------------

OS: Windows 10.0 , 64 bit Build 19041 (10.0.19041.662)

CPU:total 8 (initial active 8) (4 cores per cpu, 2 threads per core) family 6 model 142 stepping 11, cmov, cx8, fxsr, mmx, sse, sse2, sse3, ssse3, sse4.1, sse4.2, popcnt, avx, avx2, aes, clmul, erms, 3dnowpref, lzcnt, ht, tsc, tscinvbit, bmi1, bmi2, adx

Memory: 4k page, physical 8272180k(1425168k free), swap 33438004k(80484k free)

vm_info: OpenJDK 64-Bit Server VM (25.242-b01) for windows-amd64 JRE (1.8.0_242-release-1644-b01), built by "builder" with MS VC++ 10.0 (VS2010)

time: Sat Dec 26 18:49:25 2020
timezone: India Standard Time
elapsed time: 23 seconds (0d 0h 0m 23s)

