#
# There is insufficient memory for the Java Runtime Environment to continue.
# Native memory allocation (malloc) failed to allocate 1036256 bytes for Chunk::new
# Possible reasons:
#   The system is out of physical RAM or swap space
#   The process is running with CompressedOops enabled, and the Java Heap may be blocking the growth of the native heap
# Possible solutions:
#   Reduce memory load on the system
#   Increase physical memory or swap space
#   Check if swap backing store is full
#   Decrease Java heap size (-Xmx/-Xms)
#   Decrease number of Java threads
#   Decrease Java thread stack sizes (-Xss)
#   Set larger code cache with -XX:ReservedCodeCacheSize=
#   JVM is running with Unscaled Compressed Oops mode in which the Java heap is
#     placed in the first 4GB address space. The Java Heap base address is the
#     maximum limit for the native heap growth. Please use -XX:HeapBaseMinAddress
#     to set the Java Heap base and to place the Java Heap above 4GB virtual address.
# This output file may be truncated or incomplete.
#
#  Out of Memory Error (allocation.cpp:389), pid=16716, tid=0x0000000000003f7c
#
# JRE version: OpenJDK Runtime Environment (8.0_242-b01) (build 1.8.0_242-release-1644-b01)
# Java VM: OpenJDK 64-Bit Server VM (25.242-b01 mixed mode windows-amd64 compressed oops)
# Failed to write core dump. Minidumps are not enabled by default on client versions of Windows
#

---------------  T H R E A D  ---------------

Current thread (0x0000000018255800):  JavaThread "C2 CompilerThread0" daemon [_thread_in_native, id=16252, stack(0x0000000018b20000,0x0000000018c20000)]

Stack: [0x0000000018b20000,0x0000000018c20000]
[error occurred during error reporting (printing stack bounds), id 0xc0000005]

Native frames: (J=compiled Java code, j=interpreted, Vv=VM code, C=native code)


Current CompileTask:
C2:   7881 3719       4       org.objectweb.asm.Frame::execute (2318 bytes)


---------------  P R O C E S S  ---------------

Java Threads: ( => current thread )
  0x000000001ff38000 JavaThread "Cache worker for Build Output Cleanup Cache (C:\Users\Basil Jacob\AndroidStudioProjects\flutter_app - internal memory access - pattambi\android\.gradle\buildOutputCleanup)" [_thread_blocked, id=15916, stack(0x0000000021810000,0x0000000021910000)]
  0x000000001ff3e000 JavaThread "Build operations Thread 8" [_thread_blocked, id=9884, stack(0x00000000220a0000,0x00000000221a0000)]
  0x000000001ff3d000 JavaThread "Build operations Thread 7" [_thread_blocked, id=10636, stack(0x0000000021fa0000,0x00000000220a0000)]
  0x000000001ff3b000 JavaThread "Build operations Thread 6" [_thread_blocked, id=10404, stack(0x0000000021ea0000,0x0000000021fa0000)]
  0x000000001ff36800 JavaThread "Build operations Thread 5" [_thread_blocked, id=14960, stack(0x0000000021da0000,0x0000000021ea0000)]
  0x000000001ff35800 JavaThread "Build operations Thread 4" [_thread_blocked, id=8916, stack(0x0000000021ca0000,0x0000000021da0000)]
  0x000000001ff3b800 JavaThread "Build operations Thread 3" [_thread_blocked, id=9560, stack(0x0000000021ba0000,0x0000000021ca0000)]
  0x000000001ff3c800 JavaThread "Build operations Thread 2" [_thread_blocked, id=12688, stack(0x0000000021aa0000,0x0000000021ba0000)]
  0x000000001ff34000 JavaThread "Build operations" [_thread_blocked, id=16152, stack(0x00000000219a0000,0x0000000021aa0000)]
  0x000000001ff3a000 JavaThread "Cache worker for execution history cache (C:\Users\Basil Jacob\.gradle\caches\5.6.2\executionHistory)" [_thread_blocked, id=17040, stack(0x0000000021310000,0x0000000021410000)]
  0x000000001ff33800 JavaThread "Cache worker for cache directory md-rule (C:\Users\Basil Jacob\.gradle\caches\5.6.2\md-rule)" [_thread_blocked, id=16588, stack(0x000000001f770000,0x000000001f870000)]
  0x000000001ff35000 JavaThread "Cache worker for cache directory md-supplier (C:\Users\Basil Jacob\.gradle\caches\5.6.2\md-supplier)" [_thread_blocked, id=16996, stack(0x000000001f4e0000,0x000000001f5e0000)]
  0x0000000018263000 JavaThread "Cache worker for file hash cache (C:\Users\Basil Jacob\AndroidStudioProjects\flutter_app - internal memory access - pattambi\android\.gradle\5.6.2\fileHashes)" [_thread_blocked, id=16952, stack(0x000000001f670000,0x000000001f770000)]
  0x0000000018267800 JavaThread "Cache worker for journal cache (C:\Users\Basil Jacob\.gradle\caches\journal-1)" [_thread_blocked, id=11356, stack(0x000000001ce40000,0x000000001cf40000)]
  0x0000000018260800 JavaThread "File lock request listener" [_thread_in_native, id=14808, stack(0x000000001cd40000,0x000000001ce40000)]
  0x0000000018262000 JavaThread "Cache worker for file hash cache (C:\Users\Basil Jacob\.gradle\caches\5.6.2\fileHashes)" [_thread_blocked, id=12636, stack(0x000000001cc40000,0x000000001cd40000)]
  0x000000001ae36000 JavaThread "Thread-9" [_thread_blocked, id=15864, stack(0x000000001cb40000,0x000000001cc40000)]
  0x000000001ac8c800 JavaThread "Stdin handler" [_thread_blocked, id=17252, stack(0x000000001ca40000,0x000000001cb40000)]
  0x000000001ad81000 JavaThread "Asynchronous log dispatcher for DefaultDaemonConnection: socket connection from /127.0.0.1:49544 to /127.0.0.1:49545" [_thread_blocked, id=17248, stack(0x000000001c840000,0x000000001c940000)]
  0x000000001ad15000 JavaThread "Daemon worker" [_thread_in_Java, id=16680, stack(0x000000001c540000,0x000000001c640000)]
  0x000000001acfb800 JavaThread "Cancel handler" [_thread_blocked, id=16392, stack(0x000000001c440000,0x000000001c540000)]
  0x000000001acf8000 JavaThread "Handler for socket connection from /127.0.0.1:49544 to /127.0.0.1:49545" [_thread_in_native, id=3284, stack(0x000000001c340000,0x000000001c440000)]
  0x000000001acf5000 JavaThread "Daemon" [_thread_blocked, id=16964, stack(0x000000001c240000,0x000000001c340000)]
  0x000000001a0ff800 JavaThread "Daemon periodic checks" [_thread_blocked, id=7896, stack(0x000000001c140000,0x000000001c240000)]
  0x00000000199a1000 JavaThread "Incoming local TCP Connector on port 49544" [_thread_in_native, id=17136, stack(0x000000001bf00000,0x000000001c000000)]
  0x000000001ab91000 JavaThread "Daemon health stats" [_thread_blocked, id=17232, stack(0x000000001b8c0000,0x000000001b9c0000)]
  0x00000000182ef000 JavaThread "Service Thread" daemon [_thread_blocked, id=11376, stack(0x0000000018f20000,0x0000000019020000)]
  0x0000000018264800 JavaThread "C1 CompilerThread3" daemon [_thread_in_native, id=6292, stack(0x0000000018e20000,0x0000000018f20000)]
  0x0000000018261800 JavaThread "C2 CompilerThread2" daemon [_thread_in_native, id=496, stack(0x0000000018d20000,0x0000000018e20000)]
  0x000000001825c000 JavaThread "C2 CompilerThread1" daemon [_thread_in_native, id=5048, stack(0x0000000018c20000,0x0000000018d20000)]
=>0x0000000018255800 JavaThread "C2 CompilerThread0" daemon [_thread_in_native, id=16252, stack(0x0000000018b20000,0x0000000018c20000)]
  0x0000000018254000 JavaThread "Attach Listener" daemon [_thread_blocked, id=17256, stack(0x0000000018a20000,0x0000000018b20000)]
  0x0000000018251000 JavaThread "Signal Dispatcher" daemon [_thread_blocked, id=11088, stack(0x0000000018920000,0x0000000018a20000)]
  0x0000000018240800 JavaThread "Finalizer" daemon [_thread_blocked, id=17012, stack(0x0000000018720000,0x0000000018820000)]
  0x0000000002678000 JavaThread "Reference Handler" daemon [_thread_blocked, id=13240, stack(0x0000000018620000,0x0000000018720000)]
  0x0000000002582800 JavaThread "main" [_thread_blocked, id=8276, stack(0x0000000002480000,0x0000000002580000)]

Other Threads:
  0x0000000016436800 VMThread [stack: 0x0000000018120000,0x0000000018220000] [id=16044]
  0x00000000182a3000 WatcherThread [stack: 0x0000000019020000,0x0000000019120000] [id=16300]

VM state:not at safepoint (normal execution)

VM Mutex/Monitor currently owned by a thread: None

heap address: 0x00000000a0000000, size: 1536 MB, Compressed Oops mode: 32-bit
Narrow klass base: 0x0000000000000000, Narrow klass shift: 3
Compressed class space size: 1073741824 Address: 0x0000000100000000

Heap:
 PSYoungGen      total 119808K, used 59574K [0x00000000e0000000, 0x00000000e8200000, 0x0000000100000000)
  eden space 107520K, 55% used [0x00000000e0000000,0x00000000e3a2db90,0x00000000e6900000)
  from space 12288K, 0% used [0x00000000e6900000,0x00000000e6900000,0x00000000e7500000)
  to   space 11776K, 0% used [0x00000000e7500000,0x00000000e7500000,0x00000000e8080000)
 ParOldGen       total 58368K, used 18438K [0x00000000a0000000, 0x00000000a3900000, 0x00000000e0000000)
  object space 58368K, 31% used [0x00000000a0000000,0x00000000a1201958,0x00000000a3900000)
 Metaspace       used 42061K, capacity 43120K, committed 43432K, reserved 1087488K
  class space    used 5652K, capacity 5948K, committed 6056K, reserved 1048576K

Card table byte_map: [0x0000000011a40000,0x0000000011d50000] byte_map_base: 0x0000000011540000

Marking Bits: (ParMarkBitMap*) 0x000000005ca2f030
 Begin Bits: [0x0000000012750000, 0x0000000013f50000)
 End Bits:   [0x0000000013f50000, 0x0000000015750000)

Polling page: 0x0000000000770000

CodeCache: size=245760Kb used=11329Kb max_used=11569Kb free=234430Kb
 bounds [0x0000000002680000, 0x00000000031e0000, 0x0000000011680000]
 total_blobs=4141 nmethods=3386 adapters=668
 compilation: enabled

Compilation events (10 events):
Event: 7.867 Thread 0x0000000018264800 nmethod 3795 0x0000000002b50350 code [0x0000000002b504c0, 0x0000000002b50648]
Event: 7.867 Thread 0x0000000018264800 3793       3       java.io.InputStream::read (9 bytes)
Event: 7.867 Thread 0x0000000018264800 nmethod 3793 0x00000000028e0650 code [0x00000000028e07c0, 0x00000000028e09e8]
Event: 7.869 Thread 0x000000001825c000 nmethod 3787 0x00000000028dd010 code [0x00000000028dd160, 0x00000000028dd498]
Event: 7.869 Thread 0x000000001825c000 3786       4       java.lang.String::checkBounds (46 bytes)
Event: 7.871 Thread 0x000000001825c000 nmethod 3786 0x0000000002b9f050 code [0x0000000002b9f180, 0x0000000002b9f238]
Event: 7.873 Thread 0x0000000018264800 3796       3       java.lang.CharacterDataLatin1::isWhitespace (23 bytes)
Event: 7.873 Thread 0x0000000018264800 nmethod 3796 0x00000000028dcb10 code [0x00000000028dcc80, 0x00000000028dced0]
Event: 7.875 Thread 0x0000000018264800 3797  s    3       java.io.ByteArrayOutputStream::toByteArray (12 bytes)
Event: 7.876 Thread 0x0000000018264800 nmethod 3797 0x00000000028dfdd0 code [0x00000000028dff60, 0x00000000028e0488]

GC Heap History (10 events):
Event: 3.698 GC heap before
{Heap before GC invocations=7 (full 1):
 PSYoungGen      total 75776K, used 9165K [0x00000000e0000000, 0x00000000e5700000, 0x0000000100000000)
  eden space 65536K, 0% used [0x00000000e0000000,0x00000000e0000000,0x00000000e4000000)
  from space 10240K, 89% used [0x00000000e4b00000,0x00000000e53f34d0,0x00000000e5500000)
  to   space 11264K, 0% used [0x00000000e4000000,0x00000000e4000000,0x00000000e4b00000)
 ParOldGen       total 87552K, used 6715K [0x00000000a0000000, 0x00000000a5580000, 0x00000000e0000000)
  object space 87552K, 7% used [0x00000000a0000000,0x00000000a068efd8,0x00000000a5580000)
 Metaspace       used 20724K, capacity 21046K, committed 21296K, reserved 1067008K
  class space    used 2917K, capacity 3081K, committed 3120K, reserved 1048576K
Event: 3.724 GC heap after
Heap after GC invocations=7 (full 1):
 PSYoungGen      total 75776K, used 0K [0x00000000e0000000, 0x00000000e5700000, 0x0000000100000000)
  eden space 65536K, 0% used [0x00000000e0000000,0x00000000e0000000,0x00000000e4000000)
  from space 10240K, 0% used [0x00000000e4b00000,0x00000000e4b00000,0x00000000e5500000)
  to   space 11264K, 0% used [0x00000000e4000000,0x00000000e4000000,0x00000000e4b00000)
 ParOldGen       total 58368K, used 9587K [0x00000000a0000000, 0x00000000a3900000, 0x00000000e0000000)
  object space 58368K, 16% used [0x00000000a0000000,0x00000000a095ce38,0x00000000a3900000)
 Metaspace       used 20724K, capacity 21046K, committed 21296K, reserved 1067008K
  class space    used 2917K, capacity 3081K, committed 3120K, reserved 1048576K
}
Event: 5.204 GC heap before
{Heap before GC invocations=8 (full 1):
 PSYoungGen      total 75776K, used 65536K [0x00000000e0000000, 0x00000000e5700000, 0x0000000100000000)
  eden space 65536K, 100% used [0x00000000e0000000,0x00000000e4000000,0x00000000e4000000)
  from space 10240K, 0% used [0x00000000e4b00000,0x00000000e4b00000,0x00000000e5500000)
  to   space 11264K, 0% used [0x00000000e4000000,0x00000000e4000000,0x00000000e4b00000)
 ParOldGen       total 58368K, used 9587K [0x00000000a0000000, 0x00000000a3900000, 0x00000000e0000000)
  object space 58368K, 16% used [0x00000000a0000000,0x00000000a095ce38,0x00000000a3900000)
 Metaspace       used 27934K, capacity 28334K, committed 28592K, reserved 1073152K
  class space    used 3814K, capacity 3969K, committed 4016K, reserved 1048576K
Event: 5.216 GC heap after
Heap after GC invocations=8 (full 1):
 PSYoungGen      total 76800K, used 8131K [0x00000000e0000000, 0x00000000e8080000, 0x0000000100000000)
  eden space 65536K, 0% used [0x00000000e0000000,0x00000000e0000000,0x00000000e4000000)
  from space 11264K, 72% used [0x00000000e4000000,0x00000000e47f0ff8,0x00000000e4b00000)
  to   space 11776K, 0% used [0x00000000e7500000,0x00000000e7500000,0x00000000e8080000)
 ParOldGen       total 58368K, used 9595K [0x00000000a0000000, 0x00000000a3900000, 0x00000000e0000000)
  object space 58368K, 16% used [0x00000000a0000000,0x00000000a095ee38,0x00000000a3900000)
 Metaspace       used 27934K, capacity 28334K, committed 28592K, reserved 1073152K
  class space    used 3814K, capacity 3969K, committed 4016K, reserved 1048576K
}
Event: 5.796 GC heap before
{Heap before GC invocations=9 (full 1):
 PSYoungGen      total 76800K, used 73667K [0x00000000e0000000, 0x00000000e8080000, 0x0000000100000000)
  eden space 65536K, 100% used [0x00000000e0000000,0x00000000e4000000,0x00000000e4000000)
  from space 11264K, 72% used [0x00000000e4000000,0x00000000e47f0ff8,0x00000000e4b00000)
  to   space 11776K, 0% used [0x00000000e7500000,0x00000000e7500000,0x00000000e8080000)
 ParOldGen       total 58368K, used 9595K [0x00000000a0000000, 0x00000000a3900000, 0x00000000e0000000)
  object space 58368K, 16% used [0x00000000a0000000,0x00000000a095ee38,0x00000000a3900000)
 Metaspace       used 31279K, capacity 31774K, committed 32176K, reserved 1077248K
  class space    used 4274K, capacity 4430K, committed 4528K, reserved 1048576K
Event: 5.804 GC heap after
Heap after GC invocations=9 (full 1):
 PSYoungGen      total 119296K, used 9040K [0x00000000e0000000, 0x00000000e8200000, 0x0000000100000000)
  eden space 107520K, 0% used [0x00000000e0000000,0x00000000e0000000,0x00000000e6900000)
  from space 11776K, 76% used [0x00000000e7500000,0x00000000e7dd4110,0x00000000e8080000)
  to   space 12288K, 0% used [0x00000000e6900000,0x00000000e6900000,0x00000000e7500000)
 ParOldGen       total 58368K, used 9603K [0x00000000a0000000, 0x00000000a3900000, 0x00000000e0000000)
  object space 58368K, 16% used [0x00000000a0000000,0x00000000a0960e38,0x00000000a3900000)
 Metaspace       used 31279K, capacity 31774K, committed 32176K, reserved 1077248K
  class space    used 4274K, capacity 4430K, committed 4528K, reserved 1048576K
}
Event: 6.730 GC heap before
{Heap before GC invocations=10 (full 1):
 PSYoungGen      total 119296K, used 80938K [0x00000000e0000000, 0x00000000e8200000, 0x0000000100000000)
  eden space 107520K, 66% used [0x00000000e0000000,0x00000000e4636980,0x00000000e6900000)
  from space 11776K, 76% used [0x00000000e7500000,0x00000000e7dd4110,0x00000000e8080000)
  to   space 12288K, 0% used [0x00000000e6900000,0x00000000e6900000,0x00000000e7500000)
 ParOldGen       total 58368K, used 9603K [0x00000000a0000000, 0x00000000a3900000, 0x00000000e0000000)
  object space 58368K, 16% used [0x00000000a0000000,0x00000000a0960e38,0x00000000a3900000)
 Metaspace       used 34544K, capacity 35394K, committed 35496K, reserved 1079296K
  class space    used 4725K, capacity 4992K, committed 5032K, reserved 1048576K
Event: 6.739 GC heap after
Heap after GC invocations=10 (full 1):
 PSYoungGen      total 119808K, used 11676K [0x00000000e0000000, 0x00000000e8200000, 0x0000000100000000)
  eden space 107520K, 0% used [0x00000000e0000000,0x00000000e0000000,0x00000000e6900000)
  from space 12288K, 95% used [0x00000000e6900000,0x00000000e7467120,0x00000000e7500000)
  to   space 11776K, 0% used [0x00000000e7500000,0x00000000e7500000,0x00000000e8080000)
 ParOldGen       total 58368K, used 9611K [0x00000000a0000000, 0x00000000a3900000, 0x00000000e0000000)
  object space 58368K, 16% used [0x00000000a0000000,0x00000000a0962e38,0x00000000a3900000)
 Metaspace       used 34544K, capacity 35394K, committed 35496K, reserved 1079296K
  class space    used 4725K, capacity 4992K, committed 5032K, reserved 1048576K
}
Event: 6.739 GC heap before
{Heap before GC invocations=11 (full 2):
 PSYoungGen      total 119808K, used 11676K [0x00000000e0000000, 0x00000000e8200000, 0x0000000100000000)
  eden space 107520K, 0% used [0x00000000e0000000,0x00000000e0000000,0x00000000e6900000)
  from space 12288K, 95% used [0x00000000e6900000,0x00000000e7467120,0x00000000e7500000)
  to   space 11776K, 0% used [0x00000000e7500000,0x00000000e7500000,0x00000000e8080000)
 ParOldGen       total 58368K, used 9611K [0x00000000a0000000, 0x00000000a3900000, 0x00000000e0000000)
  object space 58368K, 16% used [0x00000000a0000000,0x00000000a0962e38,0x00000000a3900000)
 Metaspace       used 34544K, capacity 35394K, committed 35496K, reserved 1079296K
  class space    used 4725K, capacity 4992K, committed 5032K, reserved 1048576K
Event: 6.779 GC heap after
Heap after GC invocations=11 (full 2):
 PSYoungGen      total 119808K, used 0K [0x00000000e0000000, 0x00000000e8200000, 0x0000000100000000)
  eden space 107520K, 0% used [0x00000000e0000000,0x00000000e0000000,0x00000000e6900000)
  from space 12288K, 0% used [0x00000000e6900000,0x00000000e6900000,0x00000000e7500000)
  to   space 11776K, 0% used [0x00000000e7500000,0x00000000e7500000,0x00000000e8080000)
 ParOldGen       total 58368K, used 18438K [0x00000000a0000000, 0x00000000a3900000, 0x00000000e0000000)
  object space 58368K, 31% used [0x00000000a0000000,0x00000000a1201958,0x00000000a3900000)
 Metaspace       used 34519K, capacity 35310K, committed 35496K, reserved 1079296K
  class space    used 4717K, capacity 4978K, committed 5032K, reserved 1048576K
}

Deoptimization events (10 events):
Event: 7.653 Thread 0x000000001ad15000 Uncommon trap: reason=range_check action=make_not_entrant pc=0x00000000030883ec method=java.lang.String.charAt(I)C @ 27
Event: 7.783 Thread 0x000000001ad15000 Uncommon trap: reason=unstable_if action=reinterpret pc=0x0000000002f491a0 method=java.util.jar.JarFile.maybeInstantiateVerifier()V @ 75
Event: 7.784 Thread 0x000000001ad15000 Uncommon trap: reason=unstable_if action=reinterpret pc=0x000000000290f748 method=java.util.jar.Manifest$FastInputStream.readLine([BII)I @ 87
Event: 7.785 Thread 0x000000001ad15000 Uncommon trap: reason=unstable_if action=reinterpret pc=0x0000000002be6a8c method=java.util.jar.Attributes$Name.isDigit(C)Z @ 3
Event: 7.800 Thread 0x000000001ad15000 Uncommon trap: reason=unstable_if action=reinterpret pc=0x000000000287103c method=java.lang.ThreadLocal.get()Ljava/lang/Object; @ 11
Event: 7.847 Thread 0x000000001ad15000 Uncommon trap: reason=speculate_class_check action=maybe_recompile pc=0x0000000002ba5764 method=java.util.HashMap.putVal(ILjava/lang/Object;Ljava/lang/Object;ZZ)Ljava/lang/Object; @ 56
Event: 7.847 Thread 0x000000001ad15000 Uncommon trap: reason=speculate_class_check action=maybe_recompile pc=0x0000000002ba5764 method=java.util.HashMap.putVal(ILjava/lang/Object;Ljava/lang/Object;ZZ)Ljava/lang/Object; @ 56
Event: 7.847 Thread 0x000000001ad15000 Uncommon trap: reason=speculate_class_check action=maybe_recompile pc=0x0000000002ba5764 method=java.util.HashMap.putVal(ILjava/lang/Object;Ljava/lang/Object;ZZ)Ljava/lang/Object; @ 56
Event: 7.847 Thread 0x000000001ad15000 Uncommon trap: reason=speculate_class_check action=maybe_recompile pc=0x0000000002ba5764 method=java.util.HashMap.putVal(ILjava/lang/Object;Ljava/lang/Object;ZZ)Ljava/lang/Object; @ 56
Event: 7.868 Thread 0x000000001ad15000 Uncommon trap: reason=unstable_if action=reinterpret pc=0x0000000002b5f37c method=java.lang.CharacterDataLatin1.isWhitespace(I)Z @ 14

Classes redefined (0 events):
No events

Internal exceptions (10 events):
Event: 6.697 Thread 0x000000001ad15000 Exception <a 'java/security/PrivilegedActionException'> (0x00000000e4364c40) thrown at [C:\src\AOSP-openjdk-git\hotspot\src\share\vm\prims\jvm.cpp, line 1502]
Event: 6.698 Thread 0x000000001ad15000 Exception <a 'java/security/PrivilegedActionException'> (0x00000000e4369090) thrown at [C:\src\AOSP-openjdk-git\hotspot\src\share\vm\prims\jvm.cpp, line 1502]
Event: 6.698 Thread 0x000000001ad15000 Exception <a 'java/security/PrivilegedActionException'> (0x00000000e436a1e0) thrown at [C:\src\AOSP-openjdk-git\hotspot\src\share\vm\prims\jvm.cpp, line 1502]
Event: 6.698 Thread 0x000000001ad15000 Exception <a 'java/security/PrivilegedActionException'> (0x00000000e436e8f0) thrown at [C:\src\AOSP-openjdk-git\hotspot\src\share\vm\prims\jvm.cpp, line 1502]
Event: 6.698 Thread 0x000000001ad15000 Exception <a 'java/security/PrivilegedActionException'> (0x00000000e436fa40) thrown at [C:\src\AOSP-openjdk-git\hotspot\src\share\vm\prims\jvm.cpp, line 1502]
Event: 6.703 Thread 0x000000001ad15000 Exception <a 'java/lang/ClassNotFoundException': build_dj9vp618pi4ew3tybrlgo23vuBeanInfo> (0x00000000e4390188) thrown at [C:\src\AOSP-openjdk-git\hotspot\src\share\vm\classfile\systemDictionary.cpp, line 210]
Event: 6.703 Thread 0x000000001ad15000 Exception <a 'java/lang/ClassNotFoundException': build_dj9vp618pi4ew3tybrlgo23vuCustomizer> (0x00000000e43a1358) thrown at [C:\src\AOSP-openjdk-git\hotspot\src\share\vm\classfile\systemDictionary.cpp, line 210]
Event: 6.967 Thread 0x000000001ad15000 Implicit null exception at 0x00000000031cc642 to 0x00000000031d2ccd
Event: 6.967 Thread 0x000000001ad15000 Implicit null exception at 0x00000000030a0095 to 0x00000000030a037d
Event: 7.800 Thread 0x000000001ad15000 Implicit null exception at 0x0000000002870ae8 to 0x0000000002871025

Events (10 events):
Event: 7.877 loading class java/security/interfaces/RSAPrivateKey
Event: 7.877 loading class java/security/PrivateKey
Event: 7.877 loading class java/security/PrivateKey done
Event: 7.877 loading class java/security/interfaces/RSAPrivateKey done
Event: 7.878 loading class sun/security/rsa/RSASignature$SHA1withRSA
Event: 7.878 loading class sun/security/rsa/RSASignature
Event: 7.878 loading class sun/security/rsa/RSASignature done
Event: 7.878 loading class sun/security/rsa/RSASignature$SHA1withRSA done
Event: 7.879 loading class sun/security/rsa/RSAPrivateKeyImpl
Event: 7.879 loading class sun/security/pkcs/PKCS8Key


Dynamic libraries:
0x00007ff659da0000 - 0x00007ff659dd1000 	C:\Program Files\Android\Android Studio\jre\bin\java.exe
0x00007ff849d10000 - 0x00007ff849f05000 	C:\WINDOWS\SYSTEM32\ntdll.dll
0x00007ff847d70000 - 0x00007ff847e2d000 	C:\WINDOWS\System32\KERNEL32.DLL
0x00007ff847450000 - 0x00007ff847718000 	C:\WINDOWS\System32\KERNELBASE.dll
0x00007ff849090000 - 0x00007ff84913c000 	C:\WINDOWS\System32\ADVAPI32.dll
0x00007ff849770000 - 0x00007ff84980e000 	C:\WINDOWS\System32\msvcrt.dll
0x00007ff849a20000 - 0x00007ff849abb000 	C:\WINDOWS\System32\sechost.dll
0x00007ff849ba0000 - 0x00007ff849ccb000 	C:\WINDOWS\System32\RPCRT4.dll
0x00007ff849140000 - 0x00007ff8492e0000 	C:\WINDOWS\System32\USER32.dll
0x00007ff847b00000 - 0x00007ff847b22000 	C:\WINDOWS\System32\win32u.dll
0x00007ff848cb0000 - 0x00007ff848cda000 	C:\WINDOWS\System32\GDI32.dll
0x00007ff847b30000 - 0x00007ff847c3b000 	C:\WINDOWS\System32\gdi32full.dll
0x00007ff847a60000 - 0x00007ff847afd000 	C:\WINDOWS\System32\msvcp_win.dll
0x00007ff8478d0000 - 0x00007ff8479d0000 	C:\WINDOWS\System32\ucrtbase.dll
0x00007ff846810000 - 0x00007ff846aaa000 	C:\WINDOWS\WinSxS\amd64_microsoft.windows.common-controls_6595b64144ccf1df_6.0.19041.844_none_ca00b6081b84eb1d\COMCTL32.dll
0x00007ff848ea0000 - 0x00007ff848ed0000 	C:\WINDOWS\System32\IMM32.DLL
0x000000005bfd0000 - 0x000000005c0a2000 	C:\Program Files\Android\Android Studio\jre\jre\bin\msvcr100.dll
0x000000005c260000 - 0x000000005caab000 	C:\Program Files\Android\Android Studio\jre\jre\bin\server\jvm.dll
0x00007ff848f50000 - 0x00007ff848f58000 	C:\WINDOWS\System32\PSAPI.DLL
0x00007ff844ef0000 - 0x00007ff844ef9000 	C:\WINDOWS\SYSTEM32\WSOCK32.dll
0x00007ff831940000 - 0x00007ff831967000 	C:\WINDOWS\SYSTEM32\WINMM.dll
0x00007ff844e20000 - 0x00007ff844e2a000 	C:\WINDOWS\SYSTEM32\VERSION.dll
0x00007ff848d60000 - 0x00007ff848dcb000 	C:\WINDOWS\System32\WS2_32.dll
0x00007ff844e70000 - 0x00007ff844e7f000 	C:\Program Files\Android\Android Studio\jre\jre\bin\verify.dll
0x00007ff8235c0000 - 0x00007ff8235e9000 	C:\Program Files\Android\Android Studio\jre\jre\bin\java.dll
0x00007ff829f70000 - 0x00007ff829f86000 	C:\Program Files\Android\Android Studio\jre\jre\bin\zip.dll
0x00007ff847e30000 - 0x00007ff848572000 	C:\WINDOWS\System32\SHELL32.dll
0x00007ff844f20000 - 0x00007ff8456b1000 	C:\WINDOWS\SYSTEM32\windows.storage.dll
0x00007ff849410000 - 0x00007ff849765000 	C:\WINDOWS\System32\combase.dll
0x00007ff846770000 - 0x00007ff84679c000 	C:\WINDOWS\SYSTEM32\Wldp.dll
0x00007ff848a50000 - 0x00007ff848afe000 	C:\WINDOWS\System32\SHCORE.dll
0x00007ff848ce0000 - 0x00007ff848d35000 	C:\WINDOWS\System32\shlwapi.dll
0x00007ff847390000 - 0x00007ff8473af000 	C:\WINDOWS\SYSTEM32\profapi.dll
0x00007ff828290000 - 0x00007ff8282aa000 	C:\Program Files\Android\Android Studio\jre\jre\bin\net.dll
0x00007ff846650000 - 0x00007ff8466ba000 	C:\WINDOWS\system32\mswsock.dll
0x00007ff826f70000 - 0x00007ff826f83000 	C:\Program Files\Android\Android Studio\jre\jre\bin\nio.dll
0x00007ff814f00000 - 0x00007ff814f26000 	C:\Users\Basil Jacob\.gradle\native\30\windows-amd64\native-platform.dll
0x00007ff8423e0000 - 0x00007ff8423ed000 	C:\Program Files\Android\Android Studio\jre\jre\bin\management.dll
0x00007ff847110000 - 0x00007ff847128000 	C:\WINDOWS\SYSTEM32\CRYPTSP.dll
0x00007ff845ea0000 - 0x00007ff845ed4000 	C:\WINDOWS\system32\rsaenh.dll
0x00007ff8479d0000 - 0x00007ff8479f7000 	C:\WINDOWS\System32\bcrypt.dll
0x00007ff847310000 - 0x00007ff84733e000 	C:\WINDOWS\SYSTEM32\USERENV.dll
0x00007ff847c40000 - 0x00007ff847cc0000 	C:\WINDOWS\System32\bcryptprimitives.dll
0x00007ff846730000 - 0x00007ff84673c000 	C:\WINDOWS\SYSTEM32\CRYPTBASE.dll
0x00007ff8461d0000 - 0x00007ff84620b000 	C:\WINDOWS\SYSTEM32\IPHLPAPI.DLL
0x00007ff848d50000 - 0x00007ff848d58000 	C:\WINDOWS\System32\NSI.dll
0x00007ff844570000 - 0x00007ff844587000 	C:\WINDOWS\SYSTEM32\dhcpcsvc6.DLL
0x00007ff844460000 - 0x00007ff84447d000 	C:\WINDOWS\SYSTEM32\dhcpcsvc.DLL
0x00007ff846210000 - 0x00007ff8462dc000 	C:\WINDOWS\SYSTEM32\DNSAPI.dll

VM Arguments:
jvm_args: -Xmx1536M -Dfile.encoding=windows-1252 -Duser.country=US -Duser.language=en -Duser.variant 
java_command: org.gradle.launcher.daemon.bootstrap.GradleDaemon 5.6.2
java_class_path (initial): C:\Users\Basil Jacob\.gradle\wrapper\dists\gradle-5.6.2-all\9st6wgf78h16so49nn74lgtbb\gradle-5.6.2\lib\gradle-launcher-5.6.2.jar
Launcher Type: SUN_STANDARD

Environment Variables:
JAVA_HOME=C:\Program Files\Android\Android Studio\jre
CLASSPATH=C:\Users\Basil Jacob\AndroidStudioProjects\flutter_app - internal memory access - pattambi\android\\gradle\wrapper\gradle-wrapper.jar
PATH=C:\flutter\flutter\bin;C:\Program Files\Git\cmd;C:\Program Files\Git\bin;C:\Windows\System32;C:\Program Files\Git\bin\git.exe;C:\Program Files\Git\cmd;C:\src\flutter;C:\Windows\System32\WindowsPowerShell\v1.0\;C:\Windows\System32\WindowsPowerShell\v1.0\powershell.exe;C:\Windows;C:\Windows\system32;C:\Windows\System32\Wbem;;C:\Android;C:\Program Files\Microsoft SQL Server\Client SDK\ODBC\170\Tools\Binn\;C:\Program Files\Microsoft SQL Server\150\DTS\Binn\;C:\Program Files\dotnet\;C:\Program Files\CMake\bin;C:\Users\Basil Jacob\AppData\Local\Microsoft\WindowsApps;C:\Users\Basil Jacob\AppData\Local\Programs\Microsoft VS Code\bin;C:\Users\Basil Jacob\AppData\Local\atom\bin;C:\Users\Basil Jacob\AppData\Local\Microsoft\WindowsApps;C:\Users\Basil Jacob\AppData\Roaming\npm;C:\Program Files\JetBrains\PyCharm Community Edition 2020.2.1\bin;;C:\flutter\flutter\bin;C:\Program Files\Android\Android Studio\bin;C:\Program Files\Git\bin;C:\src\flutter;C:\Windows\System32\WindowsPowerShell\v1.0\;C:\Windows\System32\WindowsPowerShell\v1.0\powershell.exe;C:\Windows\System32\Wbem;C:\Windows\system32;C:\Windows;C:\esp\.espressif\tools\xtensa-esp32-elf\esp-2020r3-8.4.0\xtensa-esp32-elf\bin;C:\\esp\\.espressif\\tools\\xtensa-esp32-elf\\esp-2020r3-8.4.0\\xtensa-esp32-elf\\bin\\xtensa-esp32-elf-gcc.exe;C:\Program Files\CMake\bin\;C:\Users\Basil Jacob\third_try\components\components\tinyusb\tinyusb\lib\FreeRTOS\Source\portable\GCC;C:\esp\.espressif\tools\cmake\3.16.4\bin;C:\esp\.espressif\tools\ninja\1.10.0\;C:\Program Files\mingw-w64\x86_64-7.2.0-posix-seh-rt_v5-rev1\mingw64\bin;;C:\src\flutter\bin\mingit\cmd
USERNAME=Guest Account
OS=Windows_NT
PROCESSOR_IDENTIFIER=Intel64 Family 6 Model 142 Stepping 11, GenuineIntel



---------------  S Y S T E M  ---------------

OS: Windows 10.0 , 64 bit Build 19041 (10.0.19041.928)

CPU:total 8 (initial active 8) (4 cores per cpu, 2 threads per core) family 6 model 142 stepping 11, cmov, cx8, fxsr, mmx, sse, sse2, sse3, ssse3, sse4.1, sse4.2, popcnt, avx, avx2, aes, clmul, erms, 3dnowpref, lzcnt, ht, tsc, tscinvbit, bmi1, bmi2, adx

Memory: 4k page, physical 8272180k(352220k free), swap 33438004k(4404k free)

vm_info: OpenJDK 64-Bit Server VM (25.242-b01) for windows-amd64 JRE (1.8.0_242-release-1644-b01), built by "builder" with MS VC++ 10.0 (VS2010)

time: Tue Jun 29 18:08:38 2021
timezone: India Standard Time
elapsed time: 7 seconds (0d 0h 0m 7s)

