#
# There is insufficient memory for the Java Runtime Environment to continue.
# Native memory allocation (malloc) failed to allocate 1911968 bytes for Chunk::new
# Possible reasons:
#   The system is out of physical RAM or swap space
#   The process is running with CompressedOops enabled, and the Java Heap may be blocking the growth of the native heap
# Possible solutions:
#   Reduce memory load on the system
#   Increase physical memory or swap space
#   Check if swap backing store is full
#   Decrease Java heap size (-Xmx/-Xms)
#   Decrease number of Java threads
#   Decrease Java thread stack sizes (-Xss)
#   Set larger code cache with -XX:ReservedCodeCacheSize=
#   JVM is running with Unscaled Compressed Oops mode in which the Java heap is
#     placed in the first 4GB address space. The Java Heap base address is the
#     maximum limit for the native heap growth. Please use -XX:HeapBaseMinAddress
#     to set the Java Heap base and to place the Java Heap above 4GB virtual address.
# This output file may be truncated or incomplete.
#
#  Out of Memory Error (allocation.cpp:389), pid=5484, tid=0x0000000000002594
#
# JRE version: OpenJDK Runtime Environment (8.0_242-b01) (build 1.8.0_242-release-1644-b01)
# Java VM: OpenJDK 64-Bit Server VM (25.242-b01 mixed mode windows-amd64 compressed oops)
# Failed to write core dump. Minidumps are not enabled by default on client versions of Windows
#

---------------  T H R E A D  ---------------

Current thread (0x000000001708b000):  JavaThread "C2 CompilerThread0" daemon [_thread_in_native, id=9620, stack(0x0000000019740000,0x0000000019840000)]

Stack: [0x0000000019740000,0x0000000019840000]
[error occurred during error reporting (printing stack bounds), id 0xc0000005]

Native frames: (J=compiled Java code, j=interpreted, Vv=VM code, C=native code)


Current CompileTask:
C2:  19836 4668       4       com.sun.beans.TypeResolver::resolve (37 bytes)


---------------  P R O C E S S  ---------------

Java Threads: ( => current thread )
  0x000000001e709800 JavaThread "Cache worker for Build Output Cleanup Cache (C:\Users\Basil Jacob\AndroidStudioProjects\flutter_app\android\.gradle\buildOutputCleanup)" [_thread_blocked, id=7592, stack(0x0000000023f40000,0x0000000024040000)]
  0x000000001e705000 JavaThread "Build operations Thread 8" [_thread_blocked, id=868, stack(0x0000000023a40000,0x0000000023b40000)]
  0x000000001e6fd800 JavaThread "Build operations Thread 7" [_thread_blocked, id=11624, stack(0x0000000023940000,0x0000000023a40000)]
  0x000000001e704000 JavaThread "Build operations Thread 6" [_thread_blocked, id=84, stack(0x0000000023840000,0x0000000023940000)]
  0x000000001e703800 JavaThread "Build operations Thread 5" [_thread_blocked, id=12544, stack(0x0000000023740000,0x0000000023840000)]
  0x000000001e702800 JavaThread "Build operations Thread 4" [_thread_blocked, id=3732, stack(0x0000000023640000,0x0000000023740000)]
  0x000000001e702000 JavaThread "Build operations Thread 3" [_thread_blocked, id=11712, stack(0x0000000022310000,0x0000000022410000)]
  0x000000001e700800 JavaThread "Build operations Thread 2" [_thread_blocked, id=9080, stack(0x0000000022210000,0x0000000022310000)]
  0x000000001e701000 JavaThread "Build operations" [_thread_blocked, id=1636, stack(0x0000000022110000,0x0000000022210000)]
  0x000000001e6ff800 JavaThread "Cache worker for execution history cache (C:\Users\Basil Jacob\.gradle\caches\5.6.2\executionHistory)" [_thread_blocked, id=10332, stack(0x0000000022010000,0x0000000022110000)]
  0x000000001e6ff000 JavaThread "Cache worker for cache directory md-rule (C:\Users\Basil Jacob\.gradle\caches\5.6.2\md-rule)" [_thread_blocked, id=6968, stack(0x0000000021a40000,0x0000000021b40000)]
  0x000000001adc7800 JavaThread "Cache worker for cache directory md-supplier (C:\Users\Basil Jacob\.gradle\caches\5.6.2\md-supplier)" [_thread_blocked, id=9636, stack(0x00000000202a0000,0x00000000203a0000)]
  0x000000001adc8800 JavaThread "Cache worker for file hash cache (C:\Users\Basil Jacob\AndroidStudioProjects\flutter_app\android\.gradle\5.6.2\fileHashes)" [_thread_blocked, id=5896, stack(0x000000001ffa0000,0x00000000200a0000)]
  0x000000001adca000 JavaThread "Cache worker for journal cache (C:\Users\Basil Jacob\.gradle\caches\journal-1)" [_thread_blocked, id=5028, stack(0x000000001da60000,0x000000001db60000)]
  0x000000001adcb800 JavaThread "File lock request listener" [_thread_in_native, id=12588, stack(0x000000001d960000,0x000000001da60000)]
  0x000000001adca800 JavaThread "Cache worker for file hash cache (C:\Users\Basil Jacob\.gradle\caches\5.6.2\fileHashes)" [_thread_blocked, id=11944, stack(0x000000001d860000,0x000000001d960000)]
  0x000000001ab5c000 JavaThread "Thread-9" [_thread_blocked, id=12020, stack(0x000000001d760000,0x000000001d860000)]
  0x000000001b906000 JavaThread "Stdin handler" [_thread_blocked, id=6548, stack(0x000000001d660000,0x000000001d760000)]
  0x000000001b902000 JavaThread "Asynchronous log dispatcher for DefaultDaemonConnection: socket connection from /127.0.0.1:62032 to /127.0.0.1:62033" [_thread_blocked, id=11616, stack(0x000000001d460000,0x000000001d560000)]
  0x000000001b933800 JavaThread "Daemon worker" [_thread_in_vm, id=12352, stack(0x000000001d360000,0x000000001d460000)]
  0x000000001a53e800 JavaThread "Cancel handler" [_thread_blocked, id=6832, stack(0x000000001d060000,0x000000001d160000)]
  0x000000001a53a000 JavaThread "Handler for socket connection from /127.0.0.1:62032 to /127.0.0.1:62033" [_thread_in_native, id=10536, stack(0x000000001cf60000,0x000000001d060000)]
  0x000000001a539000 JavaThread "Daemon" [_thread_blocked, id=3836, stack(0x000000001ce60000,0x000000001cf60000)]
  0x000000001b889000 JavaThread "Daemon periodic checks" [_thread_blocked, id=3468, stack(0x000000001cd60000,0x000000001ce60000)]
  0x000000001b54e800 JavaThread "Incoming local TCP Connector on port 62032" [_thread_in_native, id=6960, stack(0x000000001cb20000,0x000000001cc20000)]
  0x000000001b78b800 JavaThread "Daemon health stats" [_thread_blocked, id=2720, stack(0x000000001c4e0000,0x000000001c5e0000)]
  0x0000000018f01800 JavaThread "Service Thread" daemon [_thread_blocked, id=12160, stack(0x0000000019b40000,0x0000000019c40000)]
  0x0000000018e83800 JavaThread "C1 CompilerThread3" daemon [_thread_blocked, id=6384, stack(0x0000000019a40000,0x0000000019b40000)]
  0x0000000018e7c800 JavaThread "C2 CompilerThread2" daemon [_thread_blocked, id=7796, stack(0x0000000019940000,0x0000000019a40000)]
  0x000000001708d800 JavaThread "C2 CompilerThread1" daemon [_thread_in_native, id=12524, stack(0x0000000019840000,0x0000000019940000)]
=>0x000000001708b000 JavaThread "C2 CompilerThread0" daemon [_thread_in_native, id=9620, stack(0x0000000019740000,0x0000000019840000)]
  0x0000000018e76000 JavaThread "Attach Listener" daemon [_thread_blocked, id=12796, stack(0x0000000019640000,0x0000000019740000)]
  0x0000000018e73800 JavaThread "Signal Dispatcher" daemon [_thread_blocked, id=8948, stack(0x0000000019540000,0x0000000019640000)]
  0x0000000018e61000 JavaThread "Finalizer" daemon [_thread_blocked, id=2788, stack(0x0000000019340000,0x0000000019440000)]
  0x0000000018e60800 JavaThread "Reference Handler" daemon [_thread_blocked, id=3860, stack(0x0000000019240000,0x0000000019340000)]
  0x00000000031c2800 JavaThread "main" [_thread_blocked, id=10496, stack(0x0000000003040000,0x0000000003140000)]

Other Threads:
  0x0000000017077000 VMThread [stack: 0x0000000018d40000,0x0000000018e40000] [id=3176]
  0x0000000018ef8000 WatcherThread [stack: 0x0000000019c40000,0x0000000019d40000] [id=10088]

VM state:not at safepoint (normal execution)

VM Mutex/Monitor currently owned by a thread: None

heap address: 0x00000000a0000000, size: 1536 MB, Compressed Oops mode: 32-bit
Narrow klass base: 0x0000000000000000, Narrow klass shift: 3
Compressed class space size: 1073741824 Address: 0x0000000100000000

Heap:
 PSYoungGen      total 140288K, used 124132K [0x00000000e0000000, 0x00000000e9a00000, 0x0000000100000000)
  eden space 126976K, 87% used [0x00000000e0000000,0x00000000e6c39a78,0x00000000e7c00000)
  from space 13312K, 99% used [0x00000000e8d00000,0x00000000e99ff780,0x00000000e9a00000)
  to   space 15360K, 0% used [0x00000000e7c00000,0x00000000e7c00000,0x00000000e8b00000)
 ParOldGen       total 95744K, used 18742K [0x00000000a0000000, 0x00000000a5d80000, 0x00000000e0000000)
  object space 95744K, 19% used [0x00000000a0000000,0x00000000a124db28,0x00000000a5d80000)
 Metaspace       used 50050K, capacity 51466K, committed 51752K, reserved 1093632K
  class space    used 6750K, capacity 7171K, committed 7208K, reserved 1048576K

Card table byte_map: [0x0000000012680000,0x0000000012990000] byte_map_base: 0x0000000012180000

Marking Bits: (ParMarkBitMap*) 0x00000000616ef030
 Begin Bits: [0x0000000013390000, 0x0000000014b90000)
 End Bits:   [0x0000000014b90000, 0x0000000016390000)

Polling page: 0x0000000003140000

CodeCache: size=245760Kb used=15949Kb max_used=15949Kb free=229811Kb
 bounds [0x00000000032c0000, 0x0000000004260000, 0x00000000122c0000]
 total_blobs=5331 nmethods=4550 adapters=694
 compilation: enabled

Compilation events (10 events):
Event: 19.633 Thread 0x0000000018e83800 4893       3       sun.misc.ProxyGenerator$MethodInfo::write (283 bytes)
Event: 19.640 Thread 0x0000000018e83800 nmethod 4893 0x0000000004254890 code [0x0000000004254f00, 0x0000000004259d88]
Event: 19.640 Thread 0x0000000018e83800 4894  s    3       java.io.ByteArrayOutputStream::writeTo (14 bytes)
Event: 19.641 Thread 0x0000000018e83800 nmethod 4894 0x0000000004252cd0 code [0x0000000004252e40, 0x00000000042531c8]
Event: 19.744 Thread 0x0000000018e83800 4895       3       kotlin.reflect.jvm.internal.ReflectProperties::lazySoft (18 bytes)
Event: 19.744 Thread 0x0000000018e83800 nmethod 4895 0x0000000004252810 code [0x0000000004252980, 0x0000000004252bd8]
Event: 19.744 Thread 0x0000000018e83800 4896       3       kotlin.reflect.jvm.internal.ReflectProperties$LazySoftVal::<init> (43 bytes)
Event: 19.747 Thread 0x0000000018e83800 nmethod 4896 0x000000000425c050 code [0x000000000425c300, 0x000000000425d798]
Event: 19.815 Thread 0x0000000018e83800 4897       3       kotlin.reflect.jvm.internal.ReflectProperties::lazySoft (14 bytes)
Event: 19.816 Thread 0x0000000018e83800 nmethod 4897 0x0000000004252010 code [0x00000000042521a0, 0x00000000042524a8]

GC Heap History (10 events):
Event: 9.656 GC heap before
{Heap before GC invocations=8 (full 1):
 PSYoungGen      total 75776K, used 65536K [0x00000000e0000000, 0x00000000e5700000, 0x0000000100000000)
  eden space 65536K, 100% used [0x00000000e0000000,0x00000000e4000000,0x00000000e4000000)
  from space 10240K, 0% used [0x00000000e4b00000,0x00000000e4b00000,0x00000000e5500000)
  to   space 11264K, 0% used [0x00000000e4000000,0x00000000e4000000,0x00000000e4b00000)
 ParOldGen       total 62464K, used 9576K [0x00000000a0000000, 0x00000000a3d00000, 0x00000000e0000000)
  object space 62464K, 15% used [0x00000000a0000000,0x00000000a095a3b0,0x00000000a3d00000)
 Metaspace       used 27930K, capacity 28334K, committed 28592K, reserved 1073152K
  class space    used 3810K, capacity 3969K, committed 4016K, reserved 1048576K
Event: 9.667 GC heap after
Heap after GC invocations=8 (full 1):
 PSYoungGen      total 76800K, used 8024K [0x00000000e0000000, 0x00000000e7800000, 0x0000000100000000)
  eden space 65536K, 0% used [0x00000000e0000000,0x00000000e0000000,0x00000000e4000000)
  from space 11264K, 71% used [0x00000000e4000000,0x00000000e47d63c0,0x00000000e4b00000)
  to   space 11776K, 0% used [0x00000000e6c80000,0x00000000e6c80000,0x00000000e7800000)
 ParOldGen       total 62464K, used 9584K [0x00000000a0000000, 0x00000000a3d00000, 0x00000000e0000000)
  object space 62464K, 15% used [0x00000000a0000000,0x00000000a095c3b0,0x00000000a3d00000)
 Metaspace       used 27930K, capacity 28334K, committed 28592K, reserved 1073152K
  class space    used 3810K, capacity 3969K, committed 4016K, reserved 1048576K
}
Event: 11.100 GC heap before
{Heap before GC invocations=9 (full 1):
 PSYoungGen      total 76800K, used 73560K [0x00000000e0000000, 0x00000000e7800000, 0x0000000100000000)
  eden space 65536K, 100% used [0x00000000e0000000,0x00000000e4000000,0x00000000e4000000)
  from space 11264K, 71% used [0x00000000e4000000,0x00000000e47d63c0,0x00000000e4b00000)
  to   space 11776K, 0% used [0x00000000e6c80000,0x00000000e6c80000,0x00000000e7800000)
 ParOldGen       total 62464K, used 9584K [0x00000000a0000000, 0x00000000a3d00000, 0x00000000e0000000)
  object space 62464K, 15% used [0x00000000a0000000,0x00000000a095c3b0,0x00000000a3d00000)
 Metaspace       used 31287K, capacity 31774K, committed 32176K, reserved 1077248K
  class space    used 4274K, capacity 4430K, committed 4528K, reserved 1048576K
Event: 11.126 GC heap after
Heap after GC invocations=9 (full 1):
 PSYoungGen      total 111104K, used 8792K [0x00000000e0000000, 0x00000000e7a00000, 0x0000000100000000)
  eden space 99328K, 0% used [0x00000000e0000000,0x00000000e0000000,0x00000000e6100000)
  from space 11776K, 74% used [0x00000000e6c80000,0x00000000e75160b0,0x00000000e7800000)
  to   space 11776K, 0% used [0x00000000e6100000,0x00000000e6100000,0x00000000e6c80000)
 ParOldGen       total 62464K, used 9592K [0x00000000a0000000, 0x00000000a3d00000, 0x00000000e0000000)
  object space 62464K, 15% used [0x00000000a0000000,0x00000000a095e3b0,0x00000000a3d00000)
 Metaspace       used 31287K, capacity 31774K, committed 32176K, reserved 1077248K
  class space    used 4274K, capacity 4430K, committed 4528K, reserved 1048576K
}
Event: 12.659 GC heap before
{Heap before GC invocations=10 (full 1):
 PSYoungGen      total 111104K, used 81524K [0x00000000e0000000, 0x00000000e7a00000, 0x0000000100000000)
  eden space 99328K, 73% used [0x00000000e0000000,0x00000000e4707260,0x00000000e6100000)
  from space 11776K, 74% used [0x00000000e6c80000,0x00000000e75160b0,0x00000000e7800000)
  to   space 11776K, 0% used [0x00000000e6100000,0x00000000e6100000,0x00000000e6c80000)
 ParOldGen       total 62464K, used 9592K [0x00000000a0000000, 0x00000000a3d00000, 0x00000000e0000000)
  object space 62464K, 15% used [0x00000000a0000000,0x00000000a095e3b0,0x00000000a3d00000)
 Metaspace       used 34611K, capacity 35434K, committed 35496K, reserved 1079296K
  class space    used 4726K, capacity 4988K, committed 5032K, reserved 1048576K
Event: 12.675 GC heap after
Heap after GC invocations=10 (full 1):
 PSYoungGen      total 111104K, used 11397K [0x00000000e0000000, 0x00000000e9a00000, 0x0000000100000000)
  eden space 99328K, 0% used [0x00000000e0000000,0x00000000e0000000,0x00000000e6100000)
  from space 11776K, 96% used [0x00000000e6100000,0x00000000e6c21570,0x00000000e6c80000)
  to   space 13312K, 0% used [0x00000000e8d00000,0x00000000e8d00000,0x00000000e9a00000)
 ParOldGen       total 62464K, used 9600K [0x00000000a0000000, 0x00000000a3d00000, 0x00000000e0000000)
  object space 62464K, 15% used [0x00000000a0000000,0x00000000a09603b0,0x00000000a3d00000)
 Metaspace       used 34611K, capacity 35434K, committed 35496K, reserved 1079296K
  class space    used 4726K, capacity 4988K, committed 5032K, reserved 1048576K
}
Event: 12.675 GC heap before
{Heap before GC invocations=11 (full 2):
 PSYoungGen      total 111104K, used 11397K [0x00000000e0000000, 0x00000000e9a00000, 0x0000000100000000)
  eden space 99328K, 0% used [0x00000000e0000000,0x00000000e0000000,0x00000000e6100000)
  from space 11776K, 96% used [0x00000000e6100000,0x00000000e6c21570,0x00000000e6c80000)
  to   space 13312K, 0% used [0x00000000e8d00000,0x00000000e8d00000,0x00000000e9a00000)
 ParOldGen       total 62464K, used 9600K [0x00000000a0000000, 0x00000000a3d00000, 0x00000000e0000000)
  object space 62464K, 15% used [0x00000000a0000000,0x00000000a09603b0,0x00000000a3d00000)
 Metaspace       used 34611K, capacity 35434K, committed 35496K, reserved 1079296K
  class space    used 4726K, capacity 4988K, committed 5032K, reserved 1048576K
Event: 12.747 GC heap after
Heap after GC invocations=11 (full 2):
 PSYoungGen      total 111104K, used 0K [0x00000000e0000000, 0x00000000e9a00000, 0x0000000100000000)
  eden space 99328K, 0% used [0x00000000e0000000,0x00000000e0000000,0x00000000e6100000)
  from space 11776K, 0% used [0x00000000e6100000,0x00000000e6100000,0x00000000e6c80000)
  to   space 13312K, 0% used [0x00000000e8d00000,0x00000000e8d00000,0x00000000e9a00000)
 ParOldGen       total 95744K, used 18137K [0x00000000a0000000, 0x00000000a5d80000, 0x00000000e0000000)
  object space 95744K, 18% used [0x00000000a0000000,0x00000000a11b66d0,0x00000000a5d80000)
 Metaspace       used 34593K, capacity 35374K, committed 35496K, reserved 1079296K
  class space    used 4720K, capacity 4978K, committed 5032K, reserved 1048576K
}
Event: 16.401 GC heap before
{Heap before GC invocations=12 (full 2):
 PSYoungGen      total 111104K, used 99328K [0x00000000e0000000, 0x00000000e9a00000, 0x0000000100000000)
  eden space 99328K, 100% used [0x00000000e0000000,0x00000000e6100000,0x00000000e6100000)
  from space 11776K, 0% used [0x00000000e6100000,0x00000000e6100000,0x00000000e6c80000)
  to   space 13312K, 0% used [0x00000000e8d00000,0x00000000e8d00000,0x00000000e9a00000)
 ParOldGen       total 95744K, used 18137K [0x00000000a0000000, 0x00000000a5d80000, 0x00000000e0000000)
  object space 95744K, 18% used [0x00000000a0000000,0x00000000a11b66d0,0x00000000a5d80000)
 Metaspace       used 44384K, capacity 45382K, committed 45736K, reserved 1089536K
  class space    used 5929K, capacity 6245K, committed 6312K, reserved 1048576K
Event: 16.423 GC heap after
Heap after GC invocations=12 (full 2):
 PSYoungGen      total 140288K, used 13309K [0x00000000e0000000, 0x00000000e9a00000, 0x0000000100000000)
  eden space 126976K, 0% used [0x00000000e0000000,0x00000000e0000000,0x00000000e7c00000)
  from space 13312K, 99% used [0x00000000e8d00000,0x00000000e99ff780,0x00000000e9a00000)
  to   space 15360K, 0% used [0x00000000e7c00000,0x00000000e7c00000,0x00000000e8b00000)
 ParOldGen       total 95744K, used 18742K [0x00000000a0000000, 0x00000000a5d80000, 0x00000000e0000000)
  object space 95744K, 19% used [0x00000000a0000000,0x00000000a124db28,0x00000000a5d80000)
 Metaspace       used 44384K, capacity 45382K, committed 45736K, reserved 1089536K
  class space    used 5929K, capacity 6245K, committed 6312K, reserved 1048576K
}

Deoptimization events (10 events):
Event: 18.721 Thread 0x000000001b933800 Uncommon trap: reason=bimorphic action=maybe_recompile pc=0x00000000040c44f4 method=com.google.common.collect.RegularImmutableMap.get([I[Ljava/lang/Object;IILjava/lang/Object;)Ljava/lang/Object; @ 17
Event: 18.729 Thread 0x000000001b933800 Uncommon trap: reason=speculate_class_check action=maybe_recompile pc=0x0000000003d441a8 method=com.google.common.collect.AbstractIndexedListIterator.next()Ljava/lang/Object; @ 27
Event: 18.729 Thread 0x000000001b933800 Uncommon trap: reason=speculate_class_check action=maybe_recompile pc=0x0000000003d441a8 method=com.google.common.collect.AbstractIndexedListIterator.next()Ljava/lang/Object; @ 27
Event: 18.729 Thread 0x000000001b933800 Uncommon trap: reason=speculate_class_check action=maybe_recompile pc=0x0000000003d441a8 method=com.google.common.collect.AbstractIndexedListIterator.next()Ljava/lang/Object; @ 27
Event: 18.729 Thread 0x000000001b933800 Uncommon trap: reason=speculate_class_check action=maybe_recompile pc=0x0000000003d441a8 method=com.google.common.collect.AbstractIndexedListIterator.next()Ljava/lang/Object; @ 27
Event: 18.750 Thread 0x000000001b933800 Uncommon trap: reason=bimorphic action=maybe_recompile pc=0x00000000040c44f4 method=com.google.common.collect.RegularImmutableMap.get([I[Ljava/lang/Object;IILjava/lang/Object;)Ljava/lang/Object; @ 17
Event: 18.790 Thread 0x000000001b933800 Uncommon trap: reason=bimorphic action=maybe_recompile pc=0x00000000040c44f4 method=com.google.common.collect.RegularImmutableMap.get([I[Ljava/lang/Object;IILjava/lang/Object;)Ljava/lang/Object; @ 17
Event: 18.790 Thread 0x000000001b933800 Uncommon trap: reason=bimorphic action=maybe_recompile pc=0x00000000040c44f4 method=com.google.common.collect.RegularImmutableMap.get([I[Ljava/lang/Object;IILjava/lang/Object;)Ljava/lang/Object; @ 17
Event: 18.820 Thread 0x000000001b933800 Uncommon trap: reason=unstable_if action=reinterpret pc=0x000000000386e5f0 method=org.gradle.internal.instantiation.AbstractClassGenerator$InjectionAnnotationValidator.validateMethod(Ljava/lang/reflect/Method;Lorg/gradle/internal/reflect/PropertyAccessorT
Event: 18.820 Thread 0x000000001b933800 Uncommon trap: reason=unstable_if action=reinterpret pc=0x0000000003873540 method=org.gradle.internal.instantiation.AbstractClassGenerator$InjectionAnnotationValidator.validateMethod(Ljava/lang/reflect/Method;Lorg/gradle/internal/reflect/PropertyAccessorT

Classes redefined (0 events):
No events

Internal exceptions (10 events):
Event: 18.456 Thread 0x000000001b933800 Exception <a 'java/lang/ClassNotFoundException': com/android/build/gradle/internal/dsl/LintOptions_DecoratedCustomizer> (0x00000000e4c12ef0) thrown at [C:\src\AOSP-openjdk-git\hotspot\src\share\vm\classfile\systemDictionary.cpp, line 210]
Event: 18.495 Thread 0x000000001b933800 Exception <a 'java/lang/ClassNotFoundException': com/android/build/gradle/internal/dsl/DefaultConfig_DecoratedBeanInfo> (0x00000000e4d64c90) thrown at [C:\src\AOSP-openjdk-git\hotspot\src\share\vm\classfile\systemDictionary.cpp, line 210]
Event: 18.497 Thread 0x000000001b933800 Exception <a 'java/lang/ClassNotFoundException': com/android/build/gradle/internal/dsl/DefaultConfigBeanInfo> (0x00000000e4d861f8) thrown at [C:\src\AOSP-openjdk-git\hotspot\src\share\vm\classfile\systemDictionary.cpp, line 210]
Event: 18.498 Thread 0x000000001b933800 Exception <a 'java/lang/ClassNotFoundException': com/android/build/gradle/internal/dsl/BaseFlavorBeanInfo> (0x00000000e4da63c8) thrown at [C:\src\AOSP-openjdk-git\hotspot\src\share\vm\classfile\systemDictionary.cpp, line 210]
Event: 18.500 Thread 0x000000001b933800 Exception <a 'java/lang/ClassNotFoundException': com/android/builder/core/DefaultProductFlavorBeanInfo> (0x00000000e4dc5840) thrown at [C:\src\AOSP-openjdk-git\hotspot\src\share\vm\classfile\systemDictionary.cpp, line 210]
Event: 18.503 Thread 0x000000001b933800 Exception <a 'java/lang/ClassNotFoundException': com/android/builder/core/DefaultProductFlavorCustomizer> (0x00000000e4de52b8) thrown at [C:\src\AOSP-openjdk-git\hotspot\src\share\vm\classfile\systemDictionary.cpp, line 210]
Event: 18.508 Thread 0x000000001b933800 Exception <a 'java/lang/ClassNotFoundException': com/android/build/gradle/internal/dsl/BaseFlavorCustomizer> (0x00000000e4e3b320) thrown at [C:\src\AOSP-openjdk-git\hotspot\src\share\vm\classfile\systemDictionary.cpp, line 210]
Event: 18.513 Thread 0x000000001b933800 Exception <a 'java/lang/ClassNotFoundException': com/android/build/gradle/internal/dsl/DefaultConfigCustomizer> (0x00000000e4e9de40) thrown at [C:\src\AOSP-openjdk-git\hotspot\src\share\vm\classfile\systemDictionary.cpp, line 210]
Event: 18.515 Thread 0x000000001b933800 Exception <a 'java/lang/ClassNotFoundException': com/android/build/gradle/internal/dsl/DefaultConfig_DecoratedCustomizer> (0x00000000e4ed4760) thrown at [C:\src\AOSP-openjdk-git\hotspot\src\share\vm\classfile\systemDictionary.cpp, line 210]
Event: 19.319 Thread 0x000000001b933800 Exception <a 'java/lang/NoSuchMethodError': java.lang.Object.lambda$comparingInt$7b0bb60$1(Ljava/util/function/ToIntFunction;Ljava/lang/Object;Ljava/lang/Object;)I> (0x00000000e5ad18b0) thrown at [C:\src\AOSP-openjdk-git\hotspot\src\share\vm\interpreter\l

Events (10 events):
Event: 19.828 loading class kotlin/reflect/jvm/internal/impl/descriptors/ClassOrPackageFragmentDescriptor
Event: 19.828 loading class kotlin/reflect/jvm/internal/impl/descriptors/ClassOrPackageFragmentDescriptor done
Event: 19.829 loading class kotlin/reflect/jvm/internal/impl/descriptors/impl/DeclarationDescriptorNonRootImpl
Event: 19.829 loading class kotlin/reflect/jvm/internal/impl/descriptors/impl/DeclarationDescriptorNonRootImpl done
Event: 19.830 loading class kotlin/reflect/jvm/internal/impl/descriptors/SourceElement
Event: 19.831 loading class kotlin/reflect/jvm/internal/impl/descriptors/SourceElement done
Event: 19.831 loading class kotlin/reflect/jvm/internal/impl/descriptors/SourceElement$1
Event: 19.831 loading class kotlin/reflect/jvm/internal/impl/descriptors/SourceElement$1 done
Event: 19.833 loading class kotlin/reflect/jvm/internal/impl/types/LazyWrappedType
Event: 19.833 loading class kotlin/reflect/jvm/internal/impl/types/LazyWrappedType done


Dynamic libraries:
0x00007ff7b9020000 - 0x00007ff7b9051000 	C:\Program Files\Android\Android Studio\jre\bin\java.exe
0x00007ffa20390000 - 0x00007ffa20586000 	C:\WINDOWS\SYSTEM32\ntdll.dll
0x00007ffa1fd10000 - 0x00007ffa1fdcd000 	C:\WINDOWS\System32\KERNEL32.DLL
0x00007ffa1dd40000 - 0x00007ffa1e009000 	C:\WINDOWS\System32\KERNELBASE.dll
0x00007ffa1e730000 - 0x00007ffa1e7dc000 	C:\WINDOWS\System32\ADVAPI32.dll
0x00007ffa1f380000 - 0x00007ffa1f41e000 	C:\WINDOWS\System32\msvcrt.dll
0x00007ffa1ff50000 - 0x00007ffa1ffec000 	C:\WINDOWS\System32\sechost.dll
0x00007ffa1f250000 - 0x00007ffa1f37b000 	C:\WINDOWS\System32\RPCRT4.dll
0x00007ffa1f420000 - 0x00007ffa1f5c0000 	C:\WINDOWS\System32\USER32.dll
0x00007ffa1e0c0000 - 0x00007ffa1e0e2000 	C:\WINDOWS\System32\win32u.dll
0x00007ffa1f220000 - 0x00007ffa1f24a000 	C:\WINDOWS\System32\GDI32.dll
0x00007ffa1db20000 - 0x00007ffa1dc29000 	C:\WINDOWS\System32\gdi32full.dll
0x00007ffa1e350000 - 0x00007ffa1e3ed000 	C:\WINDOWS\System32\msvcp_win.dll
0x00007ffa1e250000 - 0x00007ffa1e350000 	C:\WINDOWS\System32\ucrtbase.dll
0x00007ffa1ce90000 - 0x00007ffa1d12b000 	C:\WINDOWS\WinSxS\amd64_microsoft.windows.common-controls_6595b64144ccf1df_6.0.19041.488_none_ca04af081b815d21\COMCTL32.dll
0x00007ffa1fdf0000 - 0x00007ffa1fe20000 	C:\WINDOWS\System32\IMM32.DLL
0x0000000060e40000 - 0x0000000060f12000 	C:\Program Files\Android\Android Studio\jre\jre\bin\msvcr100.dll
0x0000000060f20000 - 0x000000006176b000 	C:\Program Files\Android\Android Studio\jre\jre\bin\server\jvm.dll
0x00007ffa1e3f0000 - 0x00007ffa1e3f8000 	C:\WINDOWS\System32\PSAPI.DLL
0x00007ffa1d620000 - 0x00007ffa1d629000 	C:\WINDOWS\SYSTEM32\WSOCK32.dll
0x00007ffa1ed40000 - 0x00007ffa1edab000 	C:\WINDOWS\System32\WS2_32.dll
0x00007ffa06590000 - 0x00007ffa065b7000 	C:\WINDOWS\SYSTEM32\WINMM.dll
0x00007ffa16370000 - 0x00007ffa1637a000 	C:\WINDOWS\SYSTEM32\VERSION.dll
0x00007ffa1b620000 - 0x00007ffa1b62f000 	C:\Program Files\Android\Android Studio\jre\jre\bin\verify.dll
0x00007ff9ec270000 - 0x00007ff9ec299000 	C:\Program Files\Android\Android Studio\jre\jre\bin\java.dll
0x00007ff9faa30000 - 0x00007ff9faa46000 	C:\Program Files\Android\Android Studio\jre\jre\bin\zip.dll
0x00007ffa1f5c0000 - 0x00007ffa1fd02000 	C:\WINDOWS\System32\SHELL32.dll
0x00007ffa1add0000 - 0x00007ffa1b565000 	C:\WINDOWS\SYSTEM32\windows.storage.dll
0x00007ffa1fff0000 - 0x00007ffa20346000 	C:\WINDOWS\System32\combase.dll
0x00007ffa1cdf0000 - 0x00007ffa1ce1c000 	C:\WINDOWS\SYSTEM32\Wldp.dll
0x00007ffa1e5a0000 - 0x00007ffa1e64e000 	C:\WINDOWS\System32\SHCORE.dll
0x00007ffa1e7e0000 - 0x00007ffa1e835000 	C:\WINDOWS\System32\shlwapi.dll
0x00007ffa1da00000 - 0x00007ffa1da26000 	C:\WINDOWS\SYSTEM32\profapi.dll
0x00007ff9f51f0000 - 0x00007ff9f520a000 	C:\Program Files\Android\Android Studio\jre\jre\bin\net.dll
0x00007ffa1ccd0000 - 0x00007ffa1cd3a000 	C:\WINDOWS\system32\mswsock.dll
0x00007ff9f4e90000 - 0x00007ff9f4ea3000 	C:\Program Files\Android\Android Studio\jre\jre\bin\nio.dll
0x00007ff9eb4d0000 - 0x00007ff9eb4f6000 	C:\Users\Basil Jacob\.gradle\native\30\windows-amd64\native-platform.dll
0x00007ffa176f0000 - 0x00007ffa176fd000 	C:\Program Files\Android\Android Studio\jre\jre\bin\management.dll
0x00007ffa1d790000 - 0x00007ffa1d7a8000 	C:\WINDOWS\SYSTEM32\CRYPTSP.dll
0x00007ffa1c520000 - 0x00007ffa1c554000 	C:\WINDOWS\system32\rsaenh.dll
0x00007ffa1dc30000 - 0x00007ffa1dc57000 	C:\WINDOWS\System32\bcrypt.dll
0x00007ffa1d980000 - 0x00007ffa1d9ae000 	C:\WINDOWS\SYSTEM32\USERENV.dll
0x00007ffa1dcc0000 - 0x00007ffa1dd40000 	C:\WINDOWS\System32\bcryptprimitives.dll
0x00007ffa1cdb0000 - 0x00007ffa1cdbc000 	C:\WINDOWS\SYSTEM32\CRYPTBASE.dll
0x00007ffa1c860000 - 0x00007ffa1c89b000 	C:\WINDOWS\SYSTEM32\IPHLPAPI.DLL
0x00007ffa1e400000 - 0x00007ffa1e408000 	C:\WINDOWS\System32\NSI.dll
0x00007ffa1b5d0000 - 0x00007ffa1b5e7000 	C:\WINDOWS\SYSTEM32\dhcpcsvc6.DLL
0x00007ffa1b5b0000 - 0x00007ffa1b5cd000 	C:\WINDOWS\SYSTEM32\dhcpcsvc.DLL
0x00007ffa1c8a0000 - 0x00007ffa1c96b000 	C:\WINDOWS\SYSTEM32\DNSAPI.dll

VM Arguments:
jvm_args: -Xmx1536M -Dfile.encoding=windows-1252 -Duser.country=US -Duser.language=en -Duser.variant 
java_command: org.gradle.launcher.daemon.bootstrap.GradleDaemon 5.6.2
java_class_path (initial): C:\Users\Basil Jacob\.gradle\wrapper\dists\gradle-5.6.2-all\9st6wgf78h16so49nn74lgtbb\gradle-5.6.2\lib\gradle-launcher-5.6.2.jar
Launcher Type: SUN_STANDARD

Environment Variables:
JAVA_HOME=C:\Program Files\Android\Android Studio\jre
CLASSPATH=C:\Users\Basil Jacob\AndroidStudioProjects\flutter_app\android\\gradle\wrapper\gradle-wrapper.jar
PATH=C:\flutter\flutter\bin;C:\Program Files\Git\cmd;C:\Program Files\Git\bin;C:\Windows\System32;C:\Program Files\Git\bin\git.exe;C:\Program Files\Git\cmd;C:\src\flutter;C:\Windows\System32\WindowsPowerShell\v1.0\;C:\Windows\System32\WindowsPowerShell\v1.0\powershell.exe;C:\Windows;C:\Windows\system32;C:\Windows\System32\Wbem;C:\Users\Basil Jacob\AppData\Local\Microsoft\WindowsApps;C:\Users\Basil Jacob\AppData\Local\Programs\Microsoft VS Code\bin;C:\Users\Basil Jacob\AppData\Local\atom\bin;C:\Users\Basil Jacob\AppData\Local\Microsoft\WindowsApps;C:\Users\Basil Jacob\AppData\Roaming\npm;C:\Program Files\JetBrains\PyCharm Community Edition 2020.2.1\bin;;C:\flutter\flutter\bin;C:\Program Files\Android\Android Studio\bin;C:\Program Files\Git\bin;C:\src\flutter;C:\Windows\System32\WindowsPowerShell\v1.0\;C:\Windows\System32\WindowsPowerShell\v1.0\powershell.exe;C:\Windows\System32\Wbem;C:\Windows\system32;C:\Windows;;C:\src\flutter\bin\mingit\cmd
USERNAME=Basil Jacob
OS=Windows_NT
PROCESSOR_IDENTIFIER=Intel64 Family 6 Model 142 Stepping 11, GenuineIntel



---------------  S Y S T E M  ---------------

OS: Windows 10.0 , 64 bit Build 19041 (10.0.19041.662)

CPU:total 8 (initial active 8) (4 cores per cpu, 2 threads per core) family 6 model 142 stepping 11, cmov, cx8, fxsr, mmx, sse, sse2, sse3, ssse3, sse4.1, sse4.2, popcnt, avx, avx2, aes, clmul, erms, 3dnowpref, lzcnt, ht, tsc, tscinvbit, bmi1, bmi2, adx

Memory: 4k page, physical 8272180k(334144k free), swap 33438004k(6616k free)

vm_info: OpenJDK 64-Bit Server VM (25.242-b01) for windows-amd64 JRE (1.8.0_242-release-1644-b01), built by "builder" with MS VC++ 10.0 (VS2010)

time: Tue Dec 29 20:58:32 2020
timezone: India Standard Time
elapsed time: 19 seconds (0d 0h 0m 19s)

